[main 3f5197f] Auto update OSINT 2026-03-09 19:19
 5 files changed, 308 insertions(+), 11 deletions(-)
 create mode 100644 logs/dashboard.log
 create mode 100644 logs/scraper.log
 create mode 100644 logs/scraper_2026-03-09.log
 create mode 100644 logs/update.log
To https://github.com/mcasrom/admindash-osint.git
   5f9302d..3f5197f  main -> main
[main d5d67b0] Auto update OSINT 2026-03-09 19:44
 7 files changed, 785 insertions(+), 11 deletions(-)
 create mode 100644 data/guia_admindash.pdf
 create mode 100644 logs/git.log
To https://github.com/mcasrom/admindash-osint.git
   3f5197f..d5d67b0  main -> main
[main cbc1d9d] Auto update OSINT 2026-03-09 19:52
 5 files changed, 920 insertions(+)
To https://github.com/mcasrom/admindash-osint.git
   d5d67b0..cbc1d9d  main -> main
[main 33672e8] Auto update OSINT 2026-03-09 20:26
 4 files changed, 98 insertions(+)
To https://github.com/mcasrom/admindash-osint.git
   cbc1d9d..33672e8  main -> main
[main a012e7b] Auto update OSINT 2026-03-09 20:32
 4 files changed, 98 insertions(+)
To https://github.com/mcasrom/admindash-osint.git
   33672e8..a012e7b  main -> main
