2026-03-11 08:06:01,960 [INFO] === normativa_watch — 2026-03-11T08:06:01.959831 ===
2026-03-11 08:06:01,967 [INFO] CSVs leídos (2d): 17 artículos totales
2026-03-11 08:06:01,970 [INFO] Resumen: 17 escaneados / 0 nuevas / 1 duplicadas / 1 total en CSV
2026-03-12 08:06:01,736 [INFO] === normativa_watch — 2026-03-12T08:06:01.736154 ===
2026-03-12 08:06:01,743 [INFO] CSVs leídos (2d): 12 artículos totales
2026-03-12 08:06:01,746 [INFO] Resumen: 12 escaneados / 0 nuevas / 0 duplicadas / 1 total en CSV
2026-03-13 08:06:01,997 [INFO] === normativa_watch — 2026-03-13T08:06:01.997221 ===
2026-03-13 08:06:02,004 [INFO] CSVs leídos (2d): 15 artículos totales
2026-03-13 08:06:02,007 [INFO] Resumen: 15 escaneados / 0 nuevas / 0 duplicadas / 1 total en CSV
2026-03-14 08:06:01,543 [INFO] === normativa_watch — 2026-03-14T08:06:01.543006 ===
2026-03-14 08:06:01,550 [INFO] CSVs leídos (2d): 11 artículos totales
2026-03-14 08:06:01,553 [INFO] Resumen: 11 escaneados / 0 nuevas / 0 duplicadas / 1 total en CSV
2026-03-15 08:06:01,603 [INFO] === normativa_watch — 2026-03-15T08:06:01.603152 ===
2026-03-15 08:06:01,618 [INFO] CSVs leídos (2d): 6 artículos totales
2026-03-15 08:06:01,621 [INFO] Resumen: 6 escaneados / 0 nuevas / 0 duplicadas / 1 total en CSV
2026-03-16 08:06:01,989 [INFO] === normativa_watch — 2026-03-16T08:06:01.989502 ===
2026-03-16 08:06:02,002 [INFO] CSVs leídos (2d): 2 artículos totales
2026-03-16 08:06:02,004 [INFO] Resumen: 2 escaneados / 0 nuevas / 0 duplicadas / 1 total en CSV
2026-03-17 08:06:01,867 [INFO] === normativa_watch — 2026-03-17T08:06:01.867766 ===
2026-03-17 08:06:01,873 [INFO] CSVs leídos (2d): 4 artículos totales
2026-03-17 08:06:01,875 [INFO] Resumen: 4 escaneados / 0 nuevas / 0 duplicadas / 1 total en CSV
2026-03-18 08:06:01,977 [INFO] === normativa_watch — 2026-03-18T08:06:01.977383 ===
2026-03-18 08:06:01,984 [INFO] CSVs leídos (2d): 8 artículos totales
2026-03-18 08:06:01,986 [INFO] Resumen: 8 escaneados / 0 nuevas / 0 duplicadas / 1 total en CSV
2026-03-19 08:06:01,419 [INFO] === normativa_watch — 2026-03-19T08:06:01.418876 ===
2026-03-19 08:06:01,429 [INFO] CSVs leídos (2d): 13 artículos totales
2026-03-19 08:06:01,433 [INFO] CSV normativa actualizado: data/normativa_nuevas.csv (2 entradas)
2026-03-19 08:06:01,439 [INFO] Resumen: 13 escaneados / 1 nuevas / 0 duplicadas / 2 total en CSV

==============================================================
  NORMATIVA NUEVA DETECTADA — 2026-03-19
==============================================================

  ⚪ [   Info] Speech by Commissioner Lahbib at the Youth Citizens Dialogue on Prepar
     Fuente : Comisión Europea — Noticias
     Tipo   : Comisión Europea
     Fecha  : 2026-03-19
     URL    : https://ec.europa.eu/commission/presscorner/detail/en/speech_26_649

  Total nuevas: 1
==============================================================

