2026-04-20 06:05:01,840 [INFO] === Iniciando scraper OSINT — 2026-04-20T06:05:01.840163 ===
2026-04-20 06:05:01,841 [INFO] Fuentes RSS configuradas: 25
2026-04-20 06:05:01,841 [INFO]   → CERT-EU Security Advisories
2026-04-20 06:05:02,766 [INFO]   → CERT-EU Threat Intelligence
2026-04-20 06:05:03,529 [INFO]   → INCIBE Avisos de Seguridad
2026-04-20 06:05:04,283 [INFO]   → INCIBE-CERT Vulnerabilidades
2026-04-20 06:05:05,145 [INFO]   → INCIBE Noticias
2026-04-20 06:05:05,609 [WARNING] HTTP 404 — https://www.incibe.es/feed
2026-04-20 06:05:05,611 [INFO]   → Dark Reading — Government
2026-04-20 06:05:06,568 [INFO]   → SANS Internet Stormcast
2026-04-20 06:05:07,297 [WARNING] XML parse error en SANS Internet Stormcast: syntax error: line 1, column 0
2026-04-20 06:05:07,804 [INFO]   → Administración Digital (administracion.gob.es)
2026-04-20 06:05:08,272 [WARNING] XML parse error en Administración Digital (administracion.gob.es): not well-formed (invalid token): line 94, column 18
2026-04-20 06:05:08,773 [INFO]   → PAe — Administración Electrónica
2026-04-20 06:05:09,378 [INFO]   → Observatorio OBSAE
2026-04-20 06:05:10,026 [INFO]   → datos.gob.es — Blog
2026-04-20 06:05:10,130 [WARNING] XML parse error en datos.gob.es — Blog: not well-formed (invalid token): line 37, column 75
2026-04-20 06:05:10,632 [INFO]   → datos.gob.es — Noticias
2026-04-20 06:05:11,238 [WARNING] XML parse error en datos.gob.es — Noticias: not well-formed (invalid token): line 37, column 75
2026-04-20 06:05:11,739 [INFO]   → EC Digital Strategy News
2026-04-20 06:05:12,441 [INFO]   → EUR-Lex — OJ Diario Oficial
2026-04-20 06:05:12,552 [WARNING] XML parse error en EUR-Lex — OJ Diario Oficial: no element found: line 1, column 0
2026-04-20 06:05:13,052 [INFO]   → BOE — Disposiciones Generales (hoy)
2026-04-20 06:05:13,151 [WARNING] XML parse error en BOE — Disposiciones Generales (hoy): mismatched tag: line 22, column 4
2026-04-20 06:05:13,652 [INFO]   → BOE — Últimas disposiciones (semana)
2026-04-20 06:05:13,744 [WARNING] XML parse error en BOE — Últimas disposiciones (semana): mismatched tag: line 22, column 4
2026-04-20 06:05:14,244 [INFO]   → La Moncloa — Noticias de Gobierno
2026-04-20 06:05:14,470 [WARNING] XML parse error en La Moncloa — Noticias de Gobierno: not well-formed (invalid token): line 12, column 14
2026-04-20 06:05:14,972 [INFO]   → Senado — Actividad Legislativa
2026-04-20 06:05:15,104 [WARNING] HTTP 404 — https://www.senado.es/rss/actualidad/rss_senado.xml
2026-04-20 06:05:15,106 [INFO]   → Krebs on Security
2026-04-20 06:05:15,774 [INFO]   → The Hacker News
2026-04-20 06:05:16,559 [INFO]   → Bleeping Computer
2026-04-20 06:05:17,146 [INFO]   → Securelist (Kaspersky ICS/APT)
2026-04-20 06:05:18,610 [INFO]   → CISA Alerts (US-CERT)
2026-04-20 06:05:20,231 [INFO]   → CISA Known Exploited Vulnerabilities
2026-04-20 06:05:21,307 [INFO]   → Comisión Europea — Noticias
2026-04-20 06:05:22,444 [INFO]   → BOE API (sumario del día)
2026-04-20 06:05:22,535 [WARNING] HTTP 404 — https://boe.es/datosabiertos/api/boe/id/BOE-20260420
2026-04-20 06:05:23,037 [INFO]   → datos.gob.es API
2026-04-20 06:05:23,123 [INFO] Filtro relevancia: 8 artículos nuevos → 1 relevantes
2026-04-20 06:05:23,124 [INFO] Resumen: 23 fuentes OK / 2 fallos / 225 ítems procesados / 8 nuevos / 1 guardados
2026-04-20 06:05:23,133 [INFO] CSV guardado: data/osint_2026-04-20.csv (1 artículos)
2026-04-20 06:05:23,146 [INFO] Purgados 1 CSVs anteriores a 2026-03-21
2026-04-20 06:05:23,147 [INFO] === Scraper finalizado ===
2026-04-20 07:05:02,308 [INFO] === Iniciando scraper OSINT — 2026-04-20T07:05:02.308230 ===
2026-04-20 07:05:02,312 [INFO] Fuentes RSS configuradas: 25
2026-04-20 07:05:02,313 [INFO]   → CERT-EU Security Advisories
2026-04-20 07:05:03,276 [INFO]   → CERT-EU Threat Intelligence
2026-04-20 07:05:04,043 [INFO]   → INCIBE Avisos de Seguridad
2026-04-20 07:05:04,888 [INFO]   → INCIBE-CERT Vulnerabilidades
2026-04-20 07:05:05,707 [INFO]   → INCIBE Noticias
2026-04-20 07:05:06,221 [WARNING] HTTP 404 — https://www.incibe.es/feed
2026-04-20 07:05:06,223 [INFO]   → Dark Reading — Government
2026-04-20 07:05:07,485 [INFO]   → SANS Internet Stormcast
2026-04-20 07:05:09,190 [INFO]   → Administración Digital (administracion.gob.es)
2026-04-20 07:05:09,662 [WARNING] XML parse error en Administración Digital (administracion.gob.es): not well-formed (invalid token): line 94, column 18
2026-04-20 07:05:10,163 [INFO]   → PAe — Administración Electrónica
2026-04-20 07:05:11,834 [INFO]   → Observatorio OBSAE
2026-04-20 07:05:12,438 [INFO]   → datos.gob.es — Blog
2026-04-20 07:05:12,936 [WARNING] XML parse error en datos.gob.es — Blog: not well-formed (invalid token): line 37, column 75
2026-04-20 07:05:13,437 [INFO]   → datos.gob.es — Noticias
2026-04-20 07:05:14,623 [WARNING] XML parse error en datos.gob.es — Noticias: not well-formed (invalid token): line 37, column 75
2026-04-20 07:05:15,124 [INFO]   → EC Digital Strategy News
2026-04-20 07:05:15,844 [INFO]   → EUR-Lex — OJ Diario Oficial
2026-04-20 07:05:16,080 [WARNING] XML parse error en EUR-Lex — OJ Diario Oficial: no element found: line 1, column 0
2026-04-20 07:05:16,581 [INFO]   → BOE — Disposiciones Generales (hoy)
2026-04-20 07:05:16,689 [WARNING] XML parse error en BOE — Disposiciones Generales (hoy): mismatched tag: line 22, column 4
2026-04-20 07:05:17,190 [INFO]   → BOE — Últimas disposiciones (semana)
2026-04-20 07:05:17,292 [WARNING] XML parse error en BOE — Últimas disposiciones (semana): mismatched tag: line 22, column 4
2026-04-20 07:05:17,793 [INFO]   → La Moncloa — Noticias de Gobierno
2026-04-20 07:05:18,033 [WARNING] XML parse error en La Moncloa — Noticias de Gobierno: not well-formed (invalid token): line 12, column 14
2026-04-20 07:05:18,534 [INFO]   → Senado — Actividad Legislativa
2026-04-20 07:05:18,609 [WARNING] HTTP 404 — https://www.senado.es/rss/actualidad/rss_senado.xml
2026-04-20 07:05:18,611 [INFO]   → Krebs on Security
2026-04-20 07:05:19,297 [INFO]   → The Hacker News
2026-04-20 07:05:20,164 [INFO]   → Bleeping Computer
2026-04-20 07:05:20,744 [INFO]   → Securelist (Kaspersky ICS/APT)
2026-04-20 07:05:22,442 [INFO]   → CISA Alerts (US-CERT)
2026-04-20 07:05:23,966 [INFO]   → CISA Known Exploited Vulnerabilities
2026-04-20 07:05:24,901 [INFO]   → Comisión Europea — Noticias
2026-04-20 07:05:26,033 [INFO]   → BOE API (sumario del día)
2026-04-20 07:05:26,107 [WARNING] HTTP 404 — https://boe.es/datosabiertos/api/boe/id/BOE-20260420
2026-04-20 07:05:26,609 [INFO]   → datos.gob.es API
2026-04-20 07:05:26,895 [INFO] Filtro relevancia: 2 artículos nuevos → 0 relevantes
2026-04-20 07:05:26,896 [INFO] Resumen: 23 fuentes OK / 2 fallos / 235 ítems procesados / 2 nuevos / 0 guardados
2026-04-20 07:05:26,903 [WARNING] No hay artículos que guardar hoy.
2026-04-20 07:05:26,904 [INFO] === Scraper finalizado ===
