2026-03-09 19:19:31,186 [INFO] === Iniciando scraper OSINT — 2026-03-09T19:19:31.186496 ===
2026-03-09 19:19:31,187 [INFO] Fuentes RSS configuradas: 25
2026-03-09 19:19:31,188 [INFO]   → CERT-EU Security Advisories
2026-03-09 19:19:31,485 [WARNING] HTTP 404 — https://cert.europa.eu/publications/security-advisories/feed/
2026-03-09 19:19:31,486 [INFO]   → CERT-EU Threat Intelligence
2026-03-09 19:19:31,712 [WARNING] HTTP 404 — https://cert.europa.eu/publications/threat-intelligence/feed/
2026-03-09 19:19:31,714 [INFO]   → INCIBE Avisos de Seguridad
/home/dietpi/admindash-osint/osint_scraper.py:439: DeprecationWarning: Testing an element's truth value will always return True in future versions.  Use specific 'len(elem)' or 'elem is not None' test instead.
  date_el    = item.find("pubDate") or item.find("dc:date", RSS_NS)
/home/dietpi/admindash-osint/osint_scraper.py:440: DeprecationWarning: Testing an element's truth value will always return True in future versions.  Use specific 'len(elem)' or 'elem is not None' test instead.
  summary_el = item.find("description") or item.find("content:encoded", RSS_NS)
2026-03-09 19:19:32,711 [INFO]   → INCIBE-CERT Vulnerabilidades
2026-03-09 19:19:33,572 [INFO]   → INCIBE Noticias
2026-03-09 19:19:34,153 [WARNING] HTTP 404 — https://www.incibe.es/node/feed
2026-03-09 19:19:34,156 [INFO]   → ENISA — EC Newsroom
2026-03-09 19:19:34,367 [WARNING] HTTP 404 — https://ec.europa.eu/newsroom/enisa/rss-items/index.cfm?from=enisa
2026-03-09 19:19:34,372 [INFO]   → ENISA Topics — NIS / Cybersecurity
2026-03-09 19:19:34,457 [WARNING] HTTP 404 — https://www.enisa.europa.eu/topics/cyber-threats/rss_events
2026-03-09 19:19:34,460 [INFO]   → Administración Digital (administracion.gob.es)
2026-03-09 19:19:34,878 [WARNING] XML parse error en Administración Digital (administracion.gob.es): not well-formed (invalid token): line 94, column 18
2026-03-09 19:19:35,381 [INFO]   → PAe — Administración Electrónica
2026-03-09 19:19:38,062 [INFO]   → Observatorio OBSAE
2026-03-09 19:19:38,679 [INFO]   → datos.gob.es — Blog
2026-03-09 19:19:39,376 [WARNING] XML parse error en datos.gob.es — Blog: not well-formed (invalid token): line 37, column 75
2026-03-09 19:19:39,878 [INFO]   → datos.gob.es — Noticias
2026-03-09 19:19:40,340 [WARNING] XML parse error en datos.gob.es — Noticias: not well-formed (invalid token): line 37, column 75
2026-03-09 19:19:40,843 [INFO]   → EC Digital Strategy News
2026-03-09 19:19:41,484 [INFO]   → EUR-Lex — Reglamentos TIC recientes
2026-03-09 19:19:41,562 [WARNING] XML parse error en EUR-Lex — Reglamentos TIC recientes: no element found: line 1, column 0
2026-03-09 19:19:42,064 [INFO]   → BOE — Disposiciones Generales (hoy)
2026-03-09 19:19:42,290 [WARNING] XML parse error en BOE — Disposiciones Generales (hoy): mismatched tag: line 22, column 4
2026-03-09 19:19:42,792 [INFO]   → BOE — Últimas disposiciones (semana)
2026-03-09 19:19:42,949 [WARNING] XML parse error en BOE — Últimas disposiciones (semana): mismatched tag: line 22, column 4
2026-03-09 19:19:43,451 [INFO]   → Red.es Noticias
2026-03-09 19:19:43,718 [WARNING] HTTP 404 — https://www.red.es/es/rss/actualidad
2026-03-09 19:19:43,722 [INFO]   → Gobierno Abierto — SGAD
2026-03-09 19:19:43,860 [WARNING] HTTP 404 — https://transparencia.gob.es/transparencia/dam/rss/noticias.xml
2026-03-09 19:19:43,864 [INFO]   → Krebs on Security
2026-03-09 19:19:44,608 [INFO]   → The Hacker News
2026-03-09 19:19:45,576 [INFO]   → Bleeping Computer
2026-03-09 19:19:46,173 [INFO]   → Securelist (Kaspersky ICS/APT)
2026-03-09 19:19:47,838 [INFO]   → CISA Alerts (US-CERT)
2026-03-09 19:19:48,846 [INFO]   → CISA Known Exploited Vulnerabilities
2026-03-09 19:19:49,612 [INFO]   → EU Digital Single Market
2026-03-09 19:19:49,808 [WARNING] HTTP 404 — https://ec.europa.eu/newsroom/dae/rss-items/index.cfm
2026-03-09 19:19:49,810 [INFO]   → BOE API (sumario del día)
2026-03-09 19:19:49,907 [WARNING] HTTP 404 — https://boe.es/datosabiertos/api/boe/id/BOE-20260309
2026-03-09 19:19:50,411 [INFO]   → datos.gob.es API
2026-03-09 19:19:50,565 [INFO] Filtro relevancia: 60 artículos nuevos → 11 relevantes
2026-03-09 19:19:50,567 [INFO] Resumen: 17 fuentes OK / 8 fallos / 145 ítems procesados / 60 nuevos / 11 guardados

============================================================
  OSINT SCRAPER — Resumen 2026-03-09
============================================================
  Total artículos: 11

  Por fuente:
       6  Securelist (Kaspersky ICS/APT)
       3  CISA Alerts (US-CERT)
       1  INCIBE Avisos de Seguridad
       1  CISA Known Exploited Vulnerabilities

  Por severidad:
    Crítica       6
    Alta          5
    Media         0
    Info          0

  Por categoría:
      10  Ciberseguridad Internacional
       1  Ciberseguridad

  🚨 Alertas críticas/altas (11):
    [   Alta] Múltiples vulnerabilidades en centro de administración de firewall de 
             https://www.incibe.es/incibe-cert/alerta-temprana/avisos/multiples-vul
    [   Alta] Arkanix Stealer: a C++ & Python infostealer
             https://securelist.com/arkanix-stealer/119006/
    [Crítica] Divide and conquer: how the new Keenadu backdoor exposed links between
             https://securelist.com/keenadu-android-backdoor/118913/
    [   Alta] The game is over: when “free” comes at too high a price. What we know 
             https://securelist.com/renengine-campaign-with-hijackloader-lumma-and-
    [Crítica] Spam and phishing in 2025
             https://securelist.com/spam-and-phishing-report-2025/118785/
============================================================

2026-03-09 19:19:50,605 [INFO] CSV guardado: data/osint_2026-03-09.csv (11 artículos)
2026-03-09 19:19:50,610 [INFO] === Scraper finalizado ===
2026-03-09 19:43:52,255 [INFO] === Iniciando scraper OSINT — 2026-03-09T19:43:52.255540 ===
2026-03-09 19:43:52,256 [INFO] Fuentes RSS configuradas: 25
2026-03-09 19:43:52,257 [INFO]   → CERT-EU Security Advisories
/home/dietpi/admindash-osint/osint_scraper.py:454: DeprecationWarning: Testing an element's truth value will always return True in future versions.  Use specific 'len(elem)' or 'elem is not None' test instead.
  date_el    = item.find("pubDate") or item.find("dc:date", RSS_NS)
/home/dietpi/admindash-osint/osint_scraper.py:455: DeprecationWarning: Testing an element's truth value will always return True in future versions.  Use specific 'len(elem)' or 'elem is not None' test instead.
  summary_el = item.find("description") or item.find("content:encoded", RSS_NS)
2026-03-09 19:43:53,273 [INFO]   → CERT-EU Threat Intelligence
2026-03-09 19:43:54,081 [INFO]   → INCIBE Avisos de Seguridad
2026-03-09 19:43:55,075 [INFO]   → INCIBE-CERT Vulnerabilidades
2026-03-09 19:43:55,894 [INFO]   → INCIBE Noticias
2026-03-09 19:43:56,374 [WARNING] HTTP 404 — https://www.incibe.es/feed
2026-03-09 19:43:56,379 [INFO]   → Dark Reading — Government
2026-03-09 19:43:57,418 [INFO]   → SANS Internet Stormcast
2026-03-09 19:43:58,753 [INFO]   → Administración Digital (administracion.gob.es)
2026-03-09 19:44:02,222 [WARNING] XML parse error en Administración Digital (administracion.gob.es): not well-formed (invalid token): line 94, column 18
2026-03-09 19:44:02,725 [INFO]   → PAe — Administración Electrónica
2026-03-09 19:44:03,363 [INFO]   → Observatorio OBSAE
2026-03-09 19:44:03,965 [INFO]   → datos.gob.es — Blog
2026-03-09 19:44:04,470 [WARNING] XML parse error en datos.gob.es — Blog: not well-formed (invalid token): line 37, column 75
2026-03-09 19:44:04,971 [INFO]   → datos.gob.es — Noticias
2026-03-09 19:44:05,214 [WARNING] XML parse error en datos.gob.es — Noticias: not well-formed (invalid token): line 37, column 75
2026-03-09 19:44:05,715 [INFO]   → EC Digital Strategy News
2026-03-09 19:44:06,370 [INFO]   → EUR-Lex — OJ Diario Oficial
2026-03-09 19:44:06,450 [WARNING] XML parse error en EUR-Lex — OJ Diario Oficial: no element found: line 1, column 0
2026-03-09 19:44:06,951 [INFO]   → BOE — Disposiciones Generales (hoy)
2026-03-09 19:44:07,081 [WARNING] XML parse error en BOE — Disposiciones Generales (hoy): mismatched tag: line 22, column 4
2026-03-09 19:44:07,582 [INFO]   → BOE — Últimas disposiciones (semana)
2026-03-09 19:44:07,679 [WARNING] XML parse error en BOE — Últimas disposiciones (semana): mismatched tag: line 22, column 4
2026-03-09 19:44:08,180 [INFO]   → La Moncloa — Noticias de Gobierno
2026-03-09 19:44:08,495 [WARNING] XML parse error en La Moncloa — Noticias de Gobierno: not well-formed (invalid token): line 12, column 14
2026-03-09 19:44:08,995 [INFO]   → Senado — Actividad Legislativa
2026-03-09 19:44:09,138 [WARNING] HTTP 404 — https://www.senado.es/rss/actualidad/rss_senado.xml
2026-03-09 19:44:09,140 [INFO]   → Krebs on Security
2026-03-09 19:44:09,829 [INFO]   → The Hacker News
2026-03-09 19:44:10,694 [INFO]   → Bleeping Computer
2026-03-09 19:44:11,277 [INFO]   → Securelist (Kaspersky ICS/APT)
2026-03-09 19:44:13,053 [INFO]   → CISA Alerts (US-CERT)
2026-03-09 19:44:13,985 [INFO]   → CISA Known Exploited Vulnerabilities
2026-03-09 19:44:14,753 [INFO]   → Comisión Europea — Noticias
2026-03-09 19:44:16,130 [INFO]   → BOE API (sumario del día)
2026-03-09 19:44:16,236 [WARNING] HTTP 404 — https://boe.es/datosabiertos/api/boe/id/BOE-20260309
2026-03-09 19:44:16,741 [INFO]   → datos.gob.es API
2026-03-09 19:44:16,846 [INFO] Filtro relevancia: 0 artículos nuevos → 0 relevantes
2026-03-09 19:44:16,848 [INFO] Resumen: 23 fuentes OK / 2 fallos / 235 ítems procesados / 0 nuevos / 0 guardados

⚠  No se encontraron artículos relevantes hoy.
2026-03-09 19:44:16,862 [WARNING] No hay artículos que guardar hoy.
2026-03-09 19:44:16,863 [INFO] === Scraper finalizado ===
2026-03-09 19:51:41,909 [INFO] === Iniciando scraper OSINT — 2026-03-09T19:51:41.909742 ===
2026-03-09 19:51:41,910 [INFO] Fuentes RSS configuradas: 25
2026-03-09 19:51:41,911 [INFO]   → CERT-EU Security Advisories
/home/dietpi/admindash-osint/osint_scraper.py:454: DeprecationWarning: Testing an element's truth value will always return True in future versions.  Use specific 'len(elem)' or 'elem is not None' test instead.
  date_el    = item.find("pubDate") or item.find("dc:date", RSS_NS)
/home/dietpi/admindash-osint/osint_scraper.py:455: DeprecationWarning: Testing an element's truth value will always return True in future versions.  Use specific 'len(elem)' or 'elem is not None' test instead.
  summary_el = item.find("description") or item.find("content:encoded", RSS_NS)
2026-03-09 19:51:42,832 [INFO]   → CERT-EU Threat Intelligence
2026-03-09 19:51:43,690 [INFO]   → INCIBE Avisos de Seguridad
2026-03-09 19:51:44,526 [INFO]   → INCIBE-CERT Vulnerabilidades
2026-03-09 19:51:45,399 [INFO]   → INCIBE Noticias
2026-03-09 19:51:45,652 [WARNING] HTTP 404 — https://www.incibe.es/feed
2026-03-09 19:51:45,655 [INFO]   → Dark Reading — Government
2026-03-09 19:51:46,887 [INFO]   → SANS Internet Stormcast
2026-03-09 19:51:48,210 [INFO]   → Administración Digital (administracion.gob.es)
2026-03-09 19:51:48,719 [WARNING] XML parse error en Administración Digital (administracion.gob.es): not well-formed (invalid token): line 94, column 18
2026-03-09 19:51:49,221 [INFO]   → PAe — Administración Electrónica
2026-03-09 19:51:53,947 [INFO]   → Observatorio OBSAE
2026-03-09 19:51:54,567 [INFO]   → datos.gob.es — Blog
2026-03-09 19:51:54,729 [WARNING] XML parse error en datos.gob.es — Blog: not well-formed (invalid token): line 37, column 75
2026-03-09 19:51:55,231 [INFO]   → datos.gob.es — Noticias
2026-03-09 19:51:55,831 [WARNING] XML parse error en datos.gob.es — Noticias: not well-formed (invalid token): line 37, column 75
2026-03-09 19:51:56,334 [INFO]   → EC Digital Strategy News
2026-03-09 19:51:57,053 [INFO]   → EUR-Lex — OJ Diario Oficial
2026-03-09 19:51:57,205 [WARNING] XML parse error en EUR-Lex — OJ Diario Oficial: no element found: line 1, column 0
2026-03-09 19:51:57,708 [INFO]   → BOE — Disposiciones Generales (hoy)
2026-03-09 19:51:57,876 [WARNING] XML parse error en BOE — Disposiciones Generales (hoy): mismatched tag: line 22, column 4
2026-03-09 19:51:58,378 [INFO]   → BOE — Últimas disposiciones (semana)
2026-03-09 19:51:58,533 [WARNING] XML parse error en BOE — Últimas disposiciones (semana): mismatched tag: line 22, column 4
2026-03-09 19:51:59,035 [INFO]   → La Moncloa — Noticias de Gobierno
2026-03-09 19:51:59,324 [WARNING] XML parse error en La Moncloa — Noticias de Gobierno: not well-formed (invalid token): line 12, column 14
2026-03-09 19:51:59,827 [INFO]   → Senado — Actividad Legislativa
2026-03-09 19:51:59,946 [WARNING] HTTP 404 — https://www.senado.es/rss/actualidad/rss_senado.xml
2026-03-09 19:51:59,950 [INFO]   → Krebs on Security
2026-03-09 19:52:00,873 [INFO]   → The Hacker News
2026-03-09 19:52:01,768 [INFO]   → Bleeping Computer
2026-03-09 19:52:02,384 [INFO]   → Securelist (Kaspersky ICS/APT)
2026-03-09 19:52:04,209 [INFO]   → CISA Alerts (US-CERT)
2026-03-09 19:52:05,088 [INFO]   → CISA Known Exploited Vulnerabilities
2026-03-09 19:52:05,790 [INFO]   → Comisión Europea — Noticias
2026-03-09 19:52:07,066 [INFO]   → BOE API (sumario del día)
2026-03-09 19:52:07,178 [WARNING] HTTP 404 — https://boe.es/datosabiertos/api/boe/id/BOE-20260309
2026-03-09 19:52:07,682 [INFO]   → datos.gob.es API
2026-03-09 19:52:07,899 [INFO] Filtro relevancia: 1 artículos nuevos → 0 relevantes
2026-03-09 19:52:07,900 [INFO] Resumen: 23 fuentes OK / 2 fallos / 235 ítems procesados / 1 nuevos / 0 guardados

⚠  No se encontraron artículos relevantes hoy.
2026-03-09 19:52:07,912 [WARNING] No hay artículos que guardar hoy.
2026-03-09 19:52:07,913 [INFO] === Scraper finalizado ===
2026-03-09 20:25:50,339 [INFO] === Iniciando scraper OSINT — 2026-03-09T20:25:50.339542 ===
2026-03-09 20:25:50,340 [INFO] Fuentes RSS configuradas: 25
2026-03-09 20:25:50,340 [INFO]   → CERT-EU Security Advisories
/home/dietpi/admindash-osint/osint_scraper.py:454: DeprecationWarning: Testing an element's truth value will always return True in future versions.  Use specific 'len(elem)' or 'elem is not None' test instead.
  date_el    = item.find("pubDate") or item.find("dc:date", RSS_NS)
/home/dietpi/admindash-osint/osint_scraper.py:455: DeprecationWarning: Testing an element's truth value will always return True in future versions.  Use specific 'len(elem)' or 'elem is not None' test instead.
  summary_el = item.find("description") or item.find("content:encoded", RSS_NS)
2026-03-09 20:25:51,290 [INFO]   → CERT-EU Threat Intelligence
2026-03-09 20:25:52,205 [INFO]   → INCIBE Avisos de Seguridad
2026-03-09 20:25:53,242 [INFO]   → INCIBE-CERT Vulnerabilidades
2026-03-09 20:25:54,110 [INFO]   → INCIBE Noticias
2026-03-09 20:25:54,660 [WARNING] HTTP 404 — https://www.incibe.es/feed
2026-03-09 20:25:54,664 [INFO]   → Dark Reading — Government
2026-03-09 20:25:55,733 [INFO]   → SANS Internet Stormcast
2026-03-09 20:25:57,097 [INFO]   → Administración Digital (administracion.gob.es)
2026-03-09 20:25:57,634 [WARNING] XML parse error en Administración Digital (administracion.gob.es): not well-formed (invalid token): line 94, column 18
2026-03-09 20:25:58,136 [INFO]   → PAe — Administración Electrónica
2026-03-09 20:26:05,875 [INFO]   → Observatorio OBSAE
2026-03-09 20:26:06,685 [INFO]   → datos.gob.es — Blog
2026-03-09 20:26:08,022 [WARNING] XML parse error en datos.gob.es — Blog: not well-formed (invalid token): line 37, column 75
2026-03-09 20:26:08,523 [INFO]   → datos.gob.es — Noticias
2026-03-09 20:26:10,067 [WARNING] XML parse error en datos.gob.es — Noticias: not well-formed (invalid token): line 37, column 75
2026-03-09 20:26:10,568 [INFO]   → EC Digital Strategy News
2026-03-09 20:26:11,288 [INFO]   → EUR-Lex — OJ Diario Oficial
2026-03-09 20:26:11,376 [WARNING] XML parse error en EUR-Lex — OJ Diario Oficial: no element found: line 1, column 0
2026-03-09 20:26:11,878 [INFO]   → BOE — Disposiciones Generales (hoy)
2026-03-09 20:26:12,047 [WARNING] XML parse error en BOE — Disposiciones Generales (hoy): mismatched tag: line 22, column 4
2026-03-09 20:26:12,549 [INFO]   → BOE — Últimas disposiciones (semana)
2026-03-09 20:26:12,707 [WARNING] XML parse error en BOE — Últimas disposiciones (semana): mismatched tag: line 22, column 4
2026-03-09 20:26:13,208 [INFO]   → La Moncloa — Noticias de Gobierno
2026-03-09 20:26:13,607 [WARNING] XML parse error en La Moncloa — Noticias de Gobierno: not well-formed (invalid token): line 12, column 14
2026-03-09 20:26:14,110 [INFO]   → Senado — Actividad Legislativa
2026-03-09 20:26:15,466 [WARNING] HTTP 404 — https://www.senado.es/rss/actualidad/rss_senado.xml
2026-03-09 20:26:15,470 [INFO]   → Krebs on Security
2026-03-09 20:26:16,245 [INFO]   → The Hacker News
2026-03-09 20:26:17,126 [INFO]   → Bleeping Computer
2026-03-09 20:26:17,733 [INFO]   → Securelist (Kaspersky ICS/APT)
2026-03-09 20:26:19,673 [INFO]   → CISA Alerts (US-CERT)
2026-03-09 20:26:20,726 [INFO]   → CISA Known Exploited Vulnerabilities
2026-03-09 20:26:21,504 [INFO]   → Comisión Europea — Noticias
2026-03-09 20:26:22,797 [INFO]   → BOE API (sumario del día)
2026-03-09 20:26:22,899 [WARNING] HTTP 404 — https://boe.es/datosabiertos/api/boe/id/BOE-20260309
2026-03-09 20:26:23,403 [INFO]   → datos.gob.es API
2026-03-09 20:26:23,726 [INFO] Filtro relevancia: 1 artículos nuevos → 0 relevantes
2026-03-09 20:26:23,727 [INFO] Resumen: 23 fuentes OK / 2 fallos / 235 ítems procesados / 1 nuevos / 0 guardados

⚠  No se encontraron artículos relevantes hoy.
2026-03-09 20:26:23,734 [WARNING] No hay artículos que guardar hoy.
2026-03-09 20:26:23,735 [INFO] === Scraper finalizado ===
2026-03-09 20:32:05,963 [INFO] === Iniciando scraper OSINT — 2026-03-09T20:32:05.962930 ===
2026-03-09 20:32:05,964 [INFO] Fuentes RSS configuradas: 25
2026-03-09 20:32:05,964 [INFO]   → CERT-EU Security Advisories
/home/dietpi/admindash-osint/osint_scraper.py:454: DeprecationWarning: Testing an element's truth value will always return True in future versions.  Use specific 'len(elem)' or 'elem is not None' test instead.
  date_el    = item.find("pubDate") or item.find("dc:date", RSS_NS)
/home/dietpi/admindash-osint/osint_scraper.py:455: DeprecationWarning: Testing an element's truth value will always return True in future versions.  Use specific 'len(elem)' or 'elem is not None' test instead.
  summary_el = item.find("description") or item.find("content:encoded", RSS_NS)
2026-03-09 20:32:07,046 [INFO]   → CERT-EU Threat Intelligence
2026-03-09 20:32:07,837 [INFO]   → INCIBE Avisos de Seguridad
2026-03-09 20:32:08,714 [INFO]   → INCIBE-CERT Vulnerabilidades
2026-03-09 20:32:09,502 [INFO]   → INCIBE Noticias
2026-03-09 20:32:09,950 [WARNING] HTTP 404 — https://www.incibe.es/feed
2026-03-09 20:32:09,951 [INFO]   → Dark Reading — Government
2026-03-09 20:32:10,859 [INFO]   → SANS Internet Stormcast
2026-03-09 20:32:12,147 [INFO]   → Administración Digital (administracion.gob.es)
2026-03-09 20:32:12,574 [WARNING] XML parse error en Administración Digital (administracion.gob.es): not well-formed (invalid token): line 94, column 18
2026-03-09 20:32:13,075 [INFO]   → PAe — Administración Electrónica
2026-03-09 20:32:20,800 [INFO]   → Observatorio OBSAE
2026-03-09 20:32:36,400 [INFO]   → datos.gob.es — Blog
2026-03-09 20:32:36,964 [WARNING] XML parse error en datos.gob.es — Blog: not well-formed (invalid token): line 37, column 75
2026-03-09 20:32:37,465 [INFO]   → datos.gob.es — Noticias
2026-03-09 20:32:37,655 [WARNING] XML parse error en datos.gob.es — Noticias: not well-formed (invalid token): line 37, column 75
2026-03-09 20:32:38,156 [INFO]   → EC Digital Strategy News
2026-03-09 20:32:38,794 [INFO]   → EUR-Lex — OJ Diario Oficial
2026-03-09 20:32:38,856 [WARNING] XML parse error en EUR-Lex — OJ Diario Oficial: no element found: line 1, column 0
2026-03-09 20:32:39,356 [INFO]   → BOE — Disposiciones Generales (hoy)
2026-03-09 20:32:39,457 [WARNING] XML parse error en BOE — Disposiciones Generales (hoy): mismatched tag: line 22, column 4
2026-03-09 20:32:39,958 [INFO]   → BOE — Últimas disposiciones (semana)
2026-03-09 20:32:40,056 [WARNING] XML parse error en BOE — Últimas disposiciones (semana): mismatched tag: line 22, column 4
2026-03-09 20:32:40,557 [INFO]   → La Moncloa — Noticias de Gobierno
2026-03-09 20:32:40,804 [WARNING] XML parse error en La Moncloa — Noticias de Gobierno: not well-formed (invalid token): line 12, column 14
2026-03-09 20:32:41,305 [INFO]   → Senado — Actividad Legislativa
2026-03-09 20:32:41,398 [WARNING] HTTP 404 — https://www.senado.es/rss/actualidad/rss_senado.xml
2026-03-09 20:32:41,399 [INFO]   → Krebs on Security
2026-03-09 20:32:42,091 [INFO]   → The Hacker News
2026-03-09 20:32:43,031 [INFO]   → Bleeping Computer
2026-03-09 20:32:43,616 [INFO]   → Securelist (Kaspersky ICS/APT)
2026-03-09 20:32:45,512 [INFO]   → CISA Alerts (US-CERT)
2026-03-09 20:32:46,855 [INFO]   → CISA Known Exploited Vulnerabilities
2026-03-09 20:32:47,621 [INFO]   → Comisión Europea — Noticias
2026-03-09 20:32:49,016 [INFO]   → BOE API (sumario del día)
2026-03-09 20:32:49,112 [WARNING] HTTP 404 — https://boe.es/datosabiertos/api/boe/id/BOE-20260309
2026-03-09 20:32:49,614 [INFO]   → datos.gob.es API
2026-03-09 20:32:49,937 [INFO] Filtro relevancia: 0 artículos nuevos → 0 relevantes
2026-03-09 20:32:49,938 [INFO] Resumen: 23 fuentes OK / 2 fallos / 235 ítems procesados / 0 nuevos / 0 guardados

⚠  No se encontraron artículos relevantes hoy.
2026-03-09 20:32:49,941 [WARNING] No hay artículos que guardar hoy.
2026-03-09 20:32:49,942 [INFO] === Scraper finalizado ===
2026-03-09 22:14:30,299 [INFO] === Iniciando scraper OSINT — 2026-03-09T22:14:30.299027 ===
2026-03-09 22:14:30,303 [INFO] Fuentes RSS configuradas: 25
2026-03-09 22:14:30,303 [INFO]   → CERT-EU Security Advisories
/home/dietpi/admindash-osint/osint_scraper.py:454: DeprecationWarning: Testing an element's truth value will always return True in future versions.  Use specific 'len(elem)' or 'elem is not None' test instead.
  date_el    = item.find("pubDate") or item.find("dc:date", RSS_NS)
/home/dietpi/admindash-osint/osint_scraper.py:455: DeprecationWarning: Testing an element's truth value will always return True in future versions.  Use specific 'len(elem)' or 'elem is not None' test instead.
  summary_el = item.find("description") or item.find("content:encoded", RSS_NS)
2026-03-09 22:14:31,423 [INFO]   → CERT-EU Threat Intelligence
2026-03-09 22:14:32,246 [INFO]   → INCIBE Avisos de Seguridad
2026-03-09 22:14:33,090 [INFO]   → INCIBE-CERT Vulnerabilidades
2026-03-09 22:14:33,927 [INFO]   → INCIBE Noticias
2026-03-09 22:14:34,453 [WARNING] HTTP 404 — https://www.incibe.es/feed
2026-03-09 22:14:34,456 [INFO]   → Dark Reading — Government
2026-03-09 22:14:35,454 [INFO]   → SANS Internet Stormcast
2026-03-09 22:14:36,821 [INFO]   → Administración Digital (administracion.gob.es)
2026-03-09 22:14:37,250 [WARNING] XML parse error en Administración Digital (administracion.gob.es): not well-formed (invalid token): line 94, column 18
2026-03-09 22:14:37,753 [INFO]   → PAe — Administración Electrónica
2026-03-09 22:14:40,407 [INFO]   → Observatorio OBSAE
2026-03-09 22:14:41,035 [INFO]   → datos.gob.es — Blog
2026-03-09 22:14:44,272 [WARNING] XML parse error en datos.gob.es — Blog: not well-formed (invalid token): line 37, column 75
2026-03-09 22:14:44,775 [INFO]   → datos.gob.es — Noticias
2026-03-09 22:14:48,777 [WARNING] XML parse error en datos.gob.es — Noticias: not well-formed (invalid token): line 37, column 75
2026-03-09 22:14:49,280 [INFO]   → EC Digital Strategy News
2026-03-09 22:14:50,123 [INFO]   → EUR-Lex — OJ Diario Oficial
2026-03-09 22:14:50,933 [WARNING] XML parse error en EUR-Lex — OJ Diario Oficial: mismatched tag: line 170, column 10
2026-03-09 22:14:51,436 [INFO]   → BOE — Disposiciones Generales (hoy)
2026-03-09 22:14:51,594 [WARNING] XML parse error en BOE — Disposiciones Generales (hoy): mismatched tag: line 22, column 4
2026-03-09 22:14:52,097 [INFO]   → BOE — Últimas disposiciones (semana)
2026-03-09 22:14:52,253 [WARNING] XML parse error en BOE — Últimas disposiciones (semana): mismatched tag: line 22, column 4
2026-03-09 22:14:52,755 [INFO]   → La Moncloa — Noticias de Gobierno
2026-03-09 22:14:53,742 [WARNING] XML parse error en La Moncloa — Noticias de Gobierno: not well-formed (invalid token): line 12, column 14
2026-03-09 22:14:54,244 [INFO]   → Senado — Actividad Legislativa
2026-03-09 22:14:54,603 [WARNING] HTTP 404 — https://www.senado.es/rss/actualidad/rss_senado.xml
2026-03-09 22:14:54,607 [INFO]   → Krebs on Security
2026-03-09 22:14:55,369 [INFO]   → The Hacker News
2026-03-09 22:14:56,283 [INFO]   → Bleeping Computer
2026-03-09 22:14:56,919 [INFO]   → Securelist (Kaspersky ICS/APT)
2026-03-09 22:15:19,681 [INFO]   → CISA Alerts (US-CERT)
2026-03-09 22:15:20,610 [INFO]   → CISA Known Exploited Vulnerabilities
2026-03-09 22:15:21,331 [INFO]   → Comisión Europea — Noticias
2026-03-09 22:15:22,764 [INFO]   → BOE API (sumario del día)
2026-03-09 22:15:22,845 [WARNING] HTTP 404 — https://boe.es/datosabiertos/api/boe/id/BOE-20260309
2026-03-09 22:15:23,348 [INFO]   → datos.gob.es API
2026-03-09 22:15:23,425 [INFO] Filtro relevancia: 2 artículos nuevos → 0 relevantes
2026-03-09 22:15:23,427 [INFO] Resumen: 23 fuentes OK / 2 fallos / 235 ítems procesados / 2 nuevos / 0 guardados

⚠  No se encontraron artículos relevantes hoy.
2026-03-09 22:15:23,433 [WARNING] No hay artículos que guardar hoy.
2026-03-09 22:15:23,434 [INFO] === Scraper finalizado ===
