2026-03-13 06:05:02,228 [INFO] === Iniciando scraper OSINT — 2026-03-13T06:05:02.228210 ===
2026-03-13 06:05:02,230 [INFO] Fuentes RSS configuradas: 25
2026-03-13 06:05:02,231 [INFO]   → CERT-EU Security Advisories
2026-03-13 06:05:03,200 [INFO]   → CERT-EU Threat Intelligence
2026-03-13 06:05:03,993 [INFO]   → INCIBE Avisos de Seguridad
2026-03-13 06:05:04,749 [INFO]   → INCIBE-CERT Vulnerabilidades
2026-03-13 06:05:05,453 [INFO]   → INCIBE Noticias
2026-03-13 06:05:06,085 [WARNING] HTTP 404 — https://www.incibe.es/feed
2026-03-13 06:05:06,086 [INFO]   → Dark Reading — Government
2026-03-13 06:05:07,433 [INFO]   → SANS Internet Stormcast
2026-03-13 06:05:08,891 [INFO]   → Administración Digital (administracion.gob.es)
2026-03-13 06:05:09,419 [WARNING] XML parse error en Administración Digital (administracion.gob.es): not well-formed (invalid token): line 94, column 18
2026-03-13 06:05:09,920 [INFO]   → PAe — Administración Electrónica
2026-03-13 06:05:11,529 [INFO]   → Observatorio OBSAE
2026-03-13 06:05:12,166 [INFO]   → datos.gob.es — Blog
2026-03-13 06:05:13,439 [WARNING] XML parse error en datos.gob.es — Blog: not well-formed (invalid token): line 37, column 75
2026-03-13 06:05:13,940 [INFO]   → datos.gob.es — Noticias
2026-03-13 06:05:15,577 [WARNING] XML parse error en datos.gob.es — Noticias: not well-formed (invalid token): line 37, column 75
2026-03-13 06:05:16,078 [INFO]   → EC Digital Strategy News
2026-03-13 06:05:16,786 [INFO]   → EUR-Lex — OJ Diario Oficial
2026-03-13 06:05:19,120 [WARNING] XML parse error en EUR-Lex — OJ Diario Oficial: mismatched tag: line 178, column 10
2026-03-13 06:05:19,621 [INFO]   → BOE — Disposiciones Generales (hoy)
2026-03-13 06:05:19,730 [WARNING] XML parse error en BOE — Disposiciones Generales (hoy): mismatched tag: line 22, column 4
2026-03-13 06:05:20,231 [INFO]   → BOE — Últimas disposiciones (semana)
2026-03-13 06:05:20,382 [WARNING] XML parse error en BOE — Últimas disposiciones (semana): mismatched tag: line 22, column 4
2026-03-13 06:05:20,883 [INFO]   → La Moncloa — Noticias de Gobierno
2026-03-13 06:05:21,183 [WARNING] XML parse error en La Moncloa — Noticias de Gobierno: not well-formed (invalid token): line 12, column 14
2026-03-13 06:05:21,684 [INFO]   → Senado — Actividad Legislativa
2026-03-13 06:05:21,826 [WARNING] HTTP 404 — https://www.senado.es/rss/actualidad/rss_senado.xml
2026-03-13 06:05:21,827 [INFO]   → Krebs on Security
2026-03-13 06:05:22,657 [INFO]   → The Hacker News
2026-03-13 06:05:23,475 [INFO]   → Bleeping Computer
2026-03-13 06:05:24,070 [INFO]   → Securelist (Kaspersky ICS/APT)
2026-03-13 06:05:25,701 [INFO]   → CISA Alerts (US-CERT)
2026-03-13 06:05:27,146 [INFO]   → CISA Known Exploited Vulnerabilities
2026-03-13 06:05:27,841 [INFO]   → Comisión Europea — Noticias
2026-03-13 06:05:28,900 [INFO]   → BOE API (sumario del día)
2026-03-13 06:05:28,979 [WARNING] HTTP 404 — https://boe.es/datosabiertos/api/boe/id/BOE-20260313
2026-03-13 06:05:29,481 [INFO]   → datos.gob.es API
2026-03-13 06:05:29,570 [INFO] Filtro relevancia: 27 artículos nuevos → 4 relevantes
2026-03-13 06:05:29,571 [INFO] Resumen: 23 fuentes OK / 2 fallos / 235 ítems procesados / 27 nuevos / 4 guardados
2026-03-13 06:05:29,578 [INFO] CSV guardado: data/osint_2026-03-13.csv (4 artículos)
2026-03-13 06:05:29,580 [INFO] === Scraper finalizado ===
2026-03-13 07:05:01,987 [INFO] === Iniciando scraper OSINT — 2026-03-13T07:05:01.986877 ===
2026-03-13 07:05:01,988 [INFO] Fuentes RSS configuradas: 25
2026-03-13 07:05:01,989 [INFO]   → CERT-EU Security Advisories
2026-03-13 07:05:02,997 [INFO]   → CERT-EU Threat Intelligence
2026-03-13 07:05:03,786 [INFO]   → INCIBE Avisos de Seguridad
2026-03-13 07:05:04,755 [INFO]   → INCIBE-CERT Vulnerabilidades
2026-03-13 07:05:05,467 [INFO]   → INCIBE Noticias
2026-03-13 07:05:05,933 [WARNING] HTTP 404 — https://www.incibe.es/feed
2026-03-13 07:05:05,935 [INFO]   → Dark Reading — Government
2026-03-13 07:05:07,207 [INFO]   → SANS Internet Stormcast
2026-03-13 07:05:08,682 [INFO]   → Administración Digital (administracion.gob.es)
2026-03-13 07:05:09,136 [WARNING] XML parse error en Administración Digital (administracion.gob.es): not well-formed (invalid token): line 94, column 18
2026-03-13 07:05:09,637 [INFO]   → PAe — Administración Electrónica
2026-03-13 07:05:25,236 [INFO]   → Observatorio OBSAE
2026-03-13 07:05:27,879 [INFO]   → datos.gob.es — Blog
2026-03-13 07:05:28,324 [WARNING] XML parse error en datos.gob.es — Blog: not well-formed (invalid token): line 37, column 75
2026-03-13 07:05:28,825 [INFO]   → datos.gob.es — Noticias
2026-03-13 07:05:29,030 [WARNING] XML parse error en datos.gob.es — Noticias: not well-formed (invalid token): line 37, column 75
2026-03-13 07:05:29,531 [INFO]   → EC Digital Strategy News
2026-03-13 07:05:30,224 [INFO]   → EUR-Lex — OJ Diario Oficial
2026-03-13 07:05:32,927 [WARNING] XML parse error en EUR-Lex — OJ Diario Oficial: mismatched tag: line 178, column 10
2026-03-13 07:05:33,429 [INFO]   → BOE — Disposiciones Generales (hoy)
2026-03-13 07:05:33,543 [WARNING] XML parse error en BOE — Disposiciones Generales (hoy): mismatched tag: line 22, column 4
2026-03-13 07:05:34,044 [INFO]   → BOE — Últimas disposiciones (semana)
2026-03-13 07:05:34,134 [WARNING] XML parse error en BOE — Últimas disposiciones (semana): mismatched tag: line 22, column 4
2026-03-13 07:05:34,635 [INFO]   → La Moncloa — Noticias de Gobierno
2026-03-13 07:05:34,938 [WARNING] XML parse error en La Moncloa — Noticias de Gobierno: not well-formed (invalid token): line 12, column 14
2026-03-13 07:05:35,439 [INFO]   → Senado — Actividad Legislativa
2026-03-13 07:05:35,512 [WARNING] HTTP 404 — https://www.senado.es/rss/actualidad/rss_senado.xml
2026-03-13 07:05:35,514 [INFO]   → Krebs on Security
2026-03-13 07:05:36,192 [INFO]   → The Hacker News
2026-03-13 07:05:36,988 [INFO]   → Bleeping Computer
2026-03-13 07:05:37,561 [INFO]   → Securelist (Kaspersky ICS/APT)
2026-03-13 07:05:39,347 [INFO]   → CISA Alerts (US-CERT)
2026-03-13 07:05:40,284 [INFO]   → CISA Known Exploited Vulnerabilities
2026-03-13 07:05:41,047 [INFO]   → Comisión Europea — Noticias
2026-03-13 07:05:42,216 [INFO]   → BOE API (sumario del día)
2026-03-13 07:05:42,340 [WARNING] HTTP 404 — https://boe.es/datosabiertos/api/boe/id/BOE-20260313
2026-03-13 07:05:42,844 [INFO]   → datos.gob.es API
2026-03-13 07:05:42,957 [INFO] Filtro relevancia: 1 artículos nuevos → 0 relevantes
2026-03-13 07:05:42,959 [INFO] Resumen: 23 fuentes OK / 2 fallos / 235 ítems procesados / 1 nuevos / 0 guardados
2026-03-13 07:05:42,973 [WARNING] No hay artículos que guardar hoy.
2026-03-13 07:05:42,974 [INFO] === Scraper finalizado ===
