2026-04-13 06:05:02,425 [INFO] === Iniciando scraper OSINT — 2026-04-13T06:05:02.425146 ===
2026-04-13 06:05:02,426 [INFO] Fuentes RSS configuradas: 25
2026-04-13 06:05:02,426 [INFO]   → CERT-EU Security Advisories
2026-04-13 06:05:03,365 [INFO]   → CERT-EU Threat Intelligence
2026-04-13 06:05:04,105 [INFO]   → INCIBE Avisos de Seguridad
2026-04-13 06:05:04,863 [INFO]   → INCIBE-CERT Vulnerabilidades
2026-04-13 06:05:05,555 [INFO]   → INCIBE Noticias
2026-04-13 06:05:05,828 [WARNING] HTTP 404 — https://www.incibe.es/feed
2026-04-13 06:05:05,830 [INFO]   → Dark Reading — Government
2026-04-13 06:05:06,770 [INFO]   → SANS Internet Stormcast
2026-04-13 06:05:08,226 [INFO]   → Administración Digital (administracion.gob.es)
2026-04-13 06:05:08,644 [WARNING] XML parse error en Administración Digital (administracion.gob.es): not well-formed (invalid token): line 94, column 18
2026-04-13 06:05:09,145 [INFO]   → PAe — Administración Electrónica
2026-04-13 06:05:25,014 [INFO]   → Observatorio OBSAE
2026-04-13 06:05:40,662 [INFO]   → datos.gob.es — Blog
2026-04-13 06:05:41,788 [WARNING] XML parse error en datos.gob.es — Blog: not well-formed (invalid token): line 37, column 75
2026-04-13 06:05:42,289 [INFO]   → datos.gob.es — Noticias
2026-04-13 06:05:42,626 [WARNING] XML parse error en datos.gob.es — Noticias: not well-formed (invalid token): line 37, column 75
2026-04-13 06:05:43,127 [INFO]   → EC Digital Strategy News
2026-04-13 06:05:43,831 [INFO]   → EUR-Lex — OJ Diario Oficial
2026-04-13 06:05:43,928 [WARNING] XML parse error en EUR-Lex — OJ Diario Oficial: no element found: line 1, column 0
2026-04-13 06:05:44,429 [INFO]   → BOE — Disposiciones Generales (hoy)
2026-04-13 06:05:44,528 [WARNING] XML parse error en BOE — Disposiciones Generales (hoy): mismatched tag: line 22, column 4
2026-04-13 06:05:45,029 [INFO]   → BOE — Últimas disposiciones (semana)
2026-04-13 06:05:45,121 [WARNING] XML parse error en BOE — Últimas disposiciones (semana): mismatched tag: line 22, column 4
2026-04-13 06:05:45,622 [INFO]   → La Moncloa — Noticias de Gobierno
2026-04-13 06:05:45,940 [WARNING] XML parse error en La Moncloa — Noticias de Gobierno: not well-formed (invalid token): line 12, column 14
2026-04-13 06:05:46,440 [INFO]   → Senado — Actividad Legislativa
2026-04-13 06:05:46,538 [WARNING] HTTP 404 — https://www.senado.es/rss/actualidad/rss_senado.xml
2026-04-13 06:05:46,540 [INFO]   → Krebs on Security
2026-04-13 06:05:47,242 [INFO]   → The Hacker News
2026-04-13 06:05:48,083 [INFO]   → Bleeping Computer
2026-04-13 06:05:48,653 [INFO]   → Securelist (Kaspersky ICS/APT)
2026-04-13 06:05:50,263 [INFO]   → CISA Alerts (US-CERT)
2026-04-13 06:06:02,071 [INFO]   → CISA Known Exploited Vulnerabilities
2026-04-13 06:06:02,955 [INFO]   → Comisión Europea — Noticias
2026-04-13 06:06:04,145 [INFO]   → BOE API (sumario del día)
2026-04-13 06:06:04,217 [WARNING] HTTP 404 — https://boe.es/datosabiertos/api/boe/id/BOE-20260413
2026-04-13 06:06:04,718 [INFO]   → datos.gob.es API
2026-04-13 06:06:04,837 [INFO] Filtro relevancia: 4 artículos nuevos → 0 relevantes
2026-04-13 06:06:04,838 [INFO] Resumen: 23 fuentes OK / 2 fallos / 235 ítems procesados / 4 nuevos / 0 guardados
2026-04-13 06:06:04,844 [WARNING] No hay artículos que guardar hoy.
2026-04-13 06:06:04,844 [INFO] === Scraper finalizado ===
2026-04-13 07:05:02,409 [INFO] === Iniciando scraper OSINT — 2026-04-13T07:05:02.409402 ===
2026-04-13 07:05:02,413 [INFO] Fuentes RSS configuradas: 25
2026-04-13 07:05:02,413 [INFO]   → CERT-EU Security Advisories
2026-04-13 07:05:03,447 [INFO]   → CERT-EU Threat Intelligence
2026-04-13 07:05:04,192 [INFO]   → INCIBE Avisos de Seguridad
2026-04-13 07:05:04,961 [INFO]   → INCIBE-CERT Vulnerabilidades
2026-04-13 07:05:05,810 [INFO]   → INCIBE Noticias
2026-04-13 07:05:06,267 [WARNING] HTTP 404 — https://www.incibe.es/feed
2026-04-13 07:05:06,269 [INFO]   → Dark Reading — Government
2026-04-13 07:05:07,224 [INFO]   → SANS Internet Stormcast
2026-04-13 07:05:08,683 [INFO]   → Administración Digital (administracion.gob.es)
2026-04-13 07:05:09,167 [WARNING] XML parse error en Administración Digital (administracion.gob.es): not well-formed (invalid token): line 94, column 18
2026-04-13 07:05:09,668 [INFO]   → PAe — Administración Electrónica
2026-04-13 07:05:10,328 [INFO]   → Observatorio OBSAE
2026-04-13 07:05:10,920 [INFO]   → datos.gob.es — Blog
2026-04-13 07:05:11,377 [WARNING] XML parse error en datos.gob.es — Blog: not well-formed (invalid token): line 37, column 75
2026-04-13 07:05:11,878 [INFO]   → datos.gob.es — Noticias
2026-04-13 07:05:12,962 [WARNING] XML parse error en datos.gob.es — Noticias: not well-formed (invalid token): line 37, column 75
2026-04-13 07:05:13,463 [INFO]   → EC Digital Strategy News
2026-04-13 07:05:14,138 [INFO]   → EUR-Lex — OJ Diario Oficial
2026-04-13 07:05:14,233 [WARNING] XML parse error en EUR-Lex — OJ Diario Oficial: no element found: line 1, column 0
2026-04-13 07:05:14,737 [INFO]   → BOE — Disposiciones Generales (hoy)
2026-04-13 07:05:14,830 [WARNING] XML parse error en BOE — Disposiciones Generales (hoy): mismatched tag: line 22, column 4
2026-04-13 07:05:15,331 [INFO]   → BOE — Últimas disposiciones (semana)
2026-04-13 07:05:15,424 [WARNING] XML parse error en BOE — Últimas disposiciones (semana): mismatched tag: line 22, column 4
2026-04-13 07:05:15,925 [INFO]   → La Moncloa — Noticias de Gobierno
2026-04-13 07:05:16,236 [WARNING] XML parse error en La Moncloa — Noticias de Gobierno: not well-formed (invalid token): line 12, column 14
2026-04-13 07:05:16,737 [INFO]   → Senado — Actividad Legislativa
2026-04-13 07:05:16,860 [WARNING] HTTP 404 — https://www.senado.es/rss/actualidad/rss_senado.xml
2026-04-13 07:05:16,861 [INFO]   → Krebs on Security
2026-04-13 07:05:17,532 [INFO]   → The Hacker News
2026-04-13 07:05:18,409 [INFO]   → Bleeping Computer
2026-04-13 07:05:18,980 [INFO]   → Securelist (Kaspersky ICS/APT)
2026-04-13 07:05:20,717 [INFO]   → CISA Alerts (US-CERT)
2026-04-13 07:05:21,866 [INFO]   → CISA Known Exploited Vulnerabilities
2026-04-13 07:05:22,823 [INFO]   → Comisión Europea — Noticias
2026-04-13 07:05:24,219 [INFO]   → BOE API (sumario del día)
2026-04-13 07:05:24,325 [WARNING] HTTP 404 — https://boe.es/datosabiertos/api/boe/id/BOE-20260413
2026-04-13 07:05:24,826 [INFO]   → datos.gob.es API
2026-04-13 07:05:24,914 [INFO] Filtro relevancia: 0 artículos nuevos → 0 relevantes
2026-04-13 07:05:24,915 [INFO] Resumen: 23 fuentes OK / 2 fallos / 235 ítems procesados / 0 nuevos / 0 guardados
2026-04-13 07:05:24,921 [WARNING] No hay artículos que guardar hoy.
2026-04-13 07:05:24,922 [INFO] === Scraper finalizado ===
