2026-04-11 06:05:02,544 [INFO] === Iniciando scraper OSINT — 2026-04-11T06:05:02.543879 ===
2026-04-11 06:05:02,545 [INFO] Fuentes RSS configuradas: 25
2026-04-11 06:05:02,545 [INFO]   → CERT-EU Security Advisories
2026-04-11 06:05:03,490 [INFO]   → CERT-EU Threat Intelligence
2026-04-11 06:05:04,313 [INFO]   → INCIBE Avisos de Seguridad
2026-04-11 06:05:05,314 [INFO]   → INCIBE-CERT Vulnerabilidades
2026-04-11 06:05:06,014 [INFO]   → INCIBE Noticias
2026-04-11 06:05:06,459 [WARNING] HTTP 404 — https://www.incibe.es/feed
2026-04-11 06:05:06,461 [INFO]   → Dark Reading — Government
2026-04-11 06:05:07,622 [INFO]   → SANS Internet Stormcast
2026-04-11 06:05:09,081 [INFO]   → Administración Digital (administracion.gob.es)
2026-04-11 06:05:09,516 [WARNING] XML parse error en Administración Digital (administracion.gob.es): not well-formed (invalid token): line 94, column 18
2026-04-11 06:05:10,017 [INFO]   → PAe — Administración Electrónica
2026-04-11 06:05:10,663 [INFO]   → Observatorio OBSAE
2026-04-11 06:05:11,255 [INFO]   → datos.gob.es — Blog
2026-04-11 06:05:11,765 [WARNING] XML parse error en datos.gob.es — Blog: not well-formed (invalid token): line 37, column 75
2026-04-11 06:05:12,266 [INFO]   → datos.gob.es — Noticias
2026-04-11 06:05:12,428 [WARNING] XML parse error en datos.gob.es — Noticias: not well-formed (invalid token): line 37, column 75
2026-04-11 06:05:12,929 [INFO]   → EC Digital Strategy News
2026-04-11 06:05:13,581 [INFO]   → EUR-Lex — OJ Diario Oficial
2026-04-11 06:05:13,679 [WARNING] XML parse error en EUR-Lex — OJ Diario Oficial: no element found: line 1, column 0
2026-04-11 06:05:14,180 [INFO]   → BOE — Disposiciones Generales (hoy)
2026-04-11 06:05:14,293 [WARNING] XML parse error en BOE — Disposiciones Generales (hoy): mismatched tag: line 22, column 4
2026-04-11 06:05:14,794 [INFO]   → BOE — Últimas disposiciones (semana)
2026-04-11 06:05:14,896 [WARNING] XML parse error en BOE — Últimas disposiciones (semana): mismatched tag: line 22, column 4
2026-04-11 06:05:15,401 [INFO]   → La Moncloa — Noticias de Gobierno
2026-04-11 06:05:15,715 [WARNING] XML parse error en La Moncloa — Noticias de Gobierno: not well-formed (invalid token): line 12, column 14
2026-04-11 06:05:16,216 [INFO]   → Senado — Actividad Legislativa
2026-04-11 06:05:16,325 [WARNING] HTTP 404 — https://www.senado.es/rss/actualidad/rss_senado.xml
2026-04-11 06:05:16,326 [INFO]   → Krebs on Security
2026-04-11 06:05:17,009 [INFO]   → The Hacker News
2026-04-11 06:05:17,832 [INFO]   → Bleeping Computer
2026-04-11 06:05:18,404 [INFO]   → Securelist (Kaspersky ICS/APT)
2026-04-11 06:05:19,904 [INFO]   → CISA Alerts (US-CERT)
2026-04-11 06:05:21,491 [INFO]   → CISA Known Exploited Vulnerabilities
2026-04-11 06:05:22,422 [INFO]   → Comisión Europea — Noticias
2026-04-11 06:05:23,570 [INFO]   → BOE API (sumario del día)
2026-04-11 06:05:23,645 [WARNING] HTTP 404 — https://boe.es/datosabiertos/api/boe/id/BOE-20260411
2026-04-11 06:05:24,147 [INFO]   → datos.gob.es API
2026-04-11 06:05:24,249 [INFO] Filtro relevancia: 24 artículos nuevos → 2 relevantes
2026-04-11 06:05:24,249 [INFO] Resumen: 23 fuentes OK / 2 fallos / 235 ítems procesados / 24 nuevos / 2 guardados
2026-04-11 06:05:24,258 [INFO] CSV guardado: data/osint_2026-04-11.csv (2 artículos)
2026-04-11 06:05:24,272 [INFO] Purgados 1 CSVs anteriores a 2026-03-12
2026-04-11 06:05:24,273 [INFO] === Scraper finalizado ===
2026-04-11 07:05:02,249 [INFO] === Iniciando scraper OSINT — 2026-04-11T07:05:02.249660 ===
2026-04-11 07:05:02,253 [INFO] Fuentes RSS configuradas: 25
2026-04-11 07:05:02,254 [INFO]   → CERT-EU Security Advisories
2026-04-11 07:05:03,228 [INFO]   → CERT-EU Threat Intelligence
2026-04-11 07:05:03,980 [INFO]   → INCIBE Avisos de Seguridad
2026-04-11 07:05:04,759 [INFO]   → INCIBE-CERT Vulnerabilidades
2026-04-11 07:05:05,466 [INFO]   → INCIBE Noticias
2026-04-11 07:05:05,959 [WARNING] HTTP 404 — https://www.incibe.es/feed
2026-04-11 07:05:05,961 [INFO]   → Dark Reading — Government
2026-04-11 07:05:06,862 [INFO]   → SANS Internet Stormcast
2026-04-11 07:05:08,310 [INFO]   → Administración Digital (administracion.gob.es)
2026-04-11 07:05:08,834 [WARNING] XML parse error en Administración Digital (administracion.gob.es): not well-formed (invalid token): line 94, column 18
2026-04-11 07:05:09,335 [INFO]   → PAe — Administración Electrónica
2026-04-11 07:05:09,978 [INFO]   → Observatorio OBSAE
2026-04-11 07:05:10,559 [INFO]   → datos.gob.es — Blog
2026-04-11 07:05:12,449 [WARNING] XML parse error en datos.gob.es — Blog: not well-formed (invalid token): line 37, column 75
2026-04-11 07:05:12,952 [INFO]   → datos.gob.es — Noticias
2026-04-11 07:05:14,287 [WARNING] XML parse error en datos.gob.es — Noticias: not well-formed (invalid token): line 37, column 75
2026-04-11 07:05:14,788 [INFO]   → EC Digital Strategy News
2026-04-11 07:05:15,491 [INFO]   → EUR-Lex — OJ Diario Oficial
2026-04-11 07:05:15,578 [WARNING] XML parse error en EUR-Lex — OJ Diario Oficial: no element found: line 1, column 0
2026-04-11 07:05:16,079 [INFO]   → BOE — Disposiciones Generales (hoy)
2026-04-11 07:05:16,171 [WARNING] XML parse error en BOE — Disposiciones Generales (hoy): mismatched tag: line 22, column 4
2026-04-11 07:05:16,673 [INFO]   → BOE — Últimas disposiciones (semana)
2026-04-11 07:05:16,765 [WARNING] XML parse error en BOE — Últimas disposiciones (semana): mismatched tag: line 22, column 4
2026-04-11 07:05:17,265 [INFO]   → La Moncloa — Noticias de Gobierno
2026-04-11 07:05:17,720 [WARNING] XML parse error en La Moncloa — Noticias de Gobierno: not well-formed (invalid token): line 12, column 14
2026-04-11 07:05:18,223 [INFO]   → Senado — Actividad Legislativa
2026-04-11 07:05:18,300 [WARNING] HTTP 404 — https://www.senado.es/rss/actualidad/rss_senado.xml
2026-04-11 07:05:18,302 [INFO]   → Krebs on Security
2026-04-11 07:05:19,003 [INFO]   → The Hacker News
2026-04-11 07:05:19,907 [INFO]   → Bleeping Computer
2026-04-11 07:05:20,516 [INFO]   → Securelist (Kaspersky ICS/APT)
2026-04-11 07:05:22,034 [INFO]   → CISA Alerts (US-CERT)
2026-04-11 07:05:23,124 [INFO]   → CISA Known Exploited Vulnerabilities
2026-04-11 07:05:24,029 [INFO]   → Comisión Europea — Noticias
2026-04-11 07:05:25,143 [INFO]   → BOE API (sumario del día)
2026-04-11 07:05:25,210 [WARNING] HTTP 404 — https://boe.es/datosabiertos/api/boe/id/BOE-20260411
2026-04-11 07:05:25,711 [INFO]   → datos.gob.es API
2026-04-11 07:05:25,791 [INFO] Filtro relevancia: 0 artículos nuevos → 0 relevantes
2026-04-11 07:05:25,792 [INFO] Resumen: 23 fuentes OK / 2 fallos / 235 ítems procesados / 0 nuevos / 0 guardados
2026-04-11 07:05:25,799 [WARNING] No hay artículos que guardar hoy.
2026-04-11 07:05:25,799 [INFO] === Scraper finalizado ===
