2026-03-15 06:05:02,048 [INFO] === Iniciando scraper OSINT — 2026-03-15T06:05:02.047845 ===
2026-03-15 06:05:02,050 [INFO] Fuentes RSS configuradas: 25
2026-03-15 06:05:02,051 [INFO]   → CERT-EU Security Advisories
2026-03-15 06:05:03,064 [INFO]   → CERT-EU Threat Intelligence
2026-03-15 06:05:03,835 [INFO]   → INCIBE Avisos de Seguridad
2026-03-15 06:05:04,596 [INFO]   → INCIBE-CERT Vulnerabilidades
2026-03-15 06:05:05,283 [INFO]   → INCIBE Noticias
2026-03-15 06:05:05,768 [WARNING] HTTP 404 — https://www.incibe.es/feed
2026-03-15 06:05:05,769 [INFO]   → Dark Reading — Government
2026-03-15 06:05:07,288 [INFO]   → SANS Internet Stormcast
2026-03-15 06:05:08,773 [INFO]   → Administración Digital (administracion.gob.es)
2026-03-15 06:05:09,232 [WARNING] XML parse error en Administración Digital (administracion.gob.es): not well-formed (invalid token): line 94, column 18
2026-03-15 06:05:09,733 [INFO]   → PAe — Administración Electrónica
2026-03-15 06:05:10,324 [INFO]   → Observatorio OBSAE
2026-03-15 06:05:10,913 [INFO]   → datos.gob.es — Blog
2026-03-15 06:05:12,955 [WARNING] XML parse error en datos.gob.es — Blog: not well-formed (invalid token): line 37, column 75
2026-03-15 06:05:13,456 [INFO]   → datos.gob.es — Noticias
2026-03-15 06:05:15,340 [WARNING] XML parse error en datos.gob.es — Noticias: not well-formed (invalid token): line 37, column 75
2026-03-15 06:05:15,841 [INFO]   → EC Digital Strategy News
2026-03-15 06:05:16,529 [INFO]   → EUR-Lex — OJ Diario Oficial
2026-03-15 06:05:19,378 [WARNING] XML parse error en EUR-Lex — OJ Diario Oficial: mismatched tag: line 178, column 10
2026-03-15 06:05:19,879 [INFO]   → BOE — Disposiciones Generales (hoy)
2026-03-15 06:05:19,977 [WARNING] XML parse error en BOE — Disposiciones Generales (hoy): mismatched tag: line 22, column 4
2026-03-15 06:05:20,478 [INFO]   → BOE — Últimas disposiciones (semana)
2026-03-15 06:05:20,573 [WARNING] XML parse error en BOE — Últimas disposiciones (semana): mismatched tag: line 22, column 4
2026-03-15 06:05:21,074 [INFO]   → La Moncloa — Noticias de Gobierno
2026-03-15 06:05:21,394 [WARNING] XML parse error en La Moncloa — Noticias de Gobierno: not well-formed (invalid token): line 12, column 14
2026-03-15 06:05:21,896 [INFO]   → Senado — Actividad Legislativa
2026-03-15 06:05:21,993 [WARNING] HTTP 404 — https://www.senado.es/rss/actualidad/rss_senado.xml
2026-03-15 06:05:21,995 [INFO]   → Krebs on Security
2026-03-15 06:05:22,880 [INFO]   → The Hacker News
2026-03-15 06:05:23,694 [INFO]   → Bleeping Computer
2026-03-15 06:05:24,267 [INFO]   → Securelist (Kaspersky ICS/APT)
2026-03-15 06:05:26,141 [INFO]   → CISA Alerts (US-CERT)
2026-03-15 06:05:26,907 [INFO]   → CISA Known Exploited Vulnerabilities
2026-03-15 06:05:27,589 [INFO]   → Comisión Europea — Noticias
2026-03-15 06:05:28,516 [INFO]   → BOE API (sumario del día)
2026-03-15 06:05:28,611 [WARNING] HTTP 404 — https://boe.es/datosabiertos/api/boe/id/BOE-20260315
2026-03-15 06:05:29,112 [INFO]   → datos.gob.es API
2026-03-15 06:05:29,350 [INFO] Filtro relevancia: 4 artículos nuevos → 0 relevantes
2026-03-15 06:05:29,351 [INFO] Resumen: 23 fuentes OK / 2 fallos / 235 ítems procesados / 4 nuevos / 0 guardados
2026-03-15 06:05:29,355 [WARNING] No hay artículos que guardar hoy.
2026-03-15 06:05:29,355 [INFO] === Scraper finalizado ===
2026-03-15 07:05:02,167 [INFO] === Iniciando scraper OSINT — 2026-03-15T07:05:02.167290 ===
2026-03-15 07:05:02,168 [INFO] Fuentes RSS configuradas: 25
2026-03-15 07:05:02,168 [INFO]   → CERT-EU Security Advisories
2026-03-15 07:05:03,156 [INFO]   → CERT-EU Threat Intelligence
2026-03-15 07:05:03,923 [INFO]   → INCIBE Avisos de Seguridad
2026-03-15 07:05:04,656 [INFO]   → INCIBE-CERT Vulnerabilidades
2026-03-15 07:05:05,356 [INFO]   → INCIBE Noticias
2026-03-15 07:05:06,355 [WARNING] HTTP 404 — https://www.incibe.es/feed
2026-03-15 07:05:06,356 [INFO]   → Dark Reading — Government
2026-03-15 07:05:07,501 [INFO]   → SANS Internet Stormcast
2026-03-15 07:05:08,969 [INFO]   → Administración Digital (administracion.gob.es)
2026-03-15 07:05:09,408 [WARNING] XML parse error en Administración Digital (administracion.gob.es): not well-formed (invalid token): line 94, column 18
2026-03-15 07:05:09,909 [INFO]   → PAe — Administración Electrónica
2026-03-15 07:05:10,489 [INFO]   → Observatorio OBSAE
2026-03-15 07:05:11,055 [INFO]   → datos.gob.es — Blog
2026-03-15 07:05:11,199 [WARNING] XML parse error en datos.gob.es — Blog: not well-formed (invalid token): line 37, column 75
2026-03-15 07:05:11,700 [INFO]   → datos.gob.es — Noticias
2026-03-15 07:05:12,035 [WARNING] XML parse error en datos.gob.es — Noticias: not well-formed (invalid token): line 37, column 75
2026-03-15 07:05:12,536 [INFO]   → EC Digital Strategy News
2026-03-15 07:05:13,242 [INFO]   → EUR-Lex — OJ Diario Oficial
2026-03-15 07:05:15,976 [WARNING] XML parse error en EUR-Lex — OJ Diario Oficial: mismatched tag: line 178, column 10
2026-03-15 07:05:16,477 [INFO]   → BOE — Disposiciones Generales (hoy)
2026-03-15 07:05:16,575 [WARNING] XML parse error en BOE — Disposiciones Generales (hoy): mismatched tag: line 22, column 4
2026-03-15 07:05:17,076 [INFO]   → BOE — Últimas disposiciones (semana)
2026-03-15 07:05:17,169 [WARNING] XML parse error en BOE — Últimas disposiciones (semana): mismatched tag: line 22, column 4
2026-03-15 07:05:17,670 [INFO]   → La Moncloa — Noticias de Gobierno
2026-03-15 07:05:17,996 [WARNING] XML parse error en La Moncloa — Noticias de Gobierno: not well-formed (invalid token): line 12, column 14
2026-03-15 07:05:18,497 [INFO]   → Senado — Actividad Legislativa
2026-03-15 07:05:18,596 [WARNING] HTTP 404 — https://www.senado.es/rss/actualidad/rss_senado.xml
2026-03-15 07:05:18,598 [INFO]   → Krebs on Security
2026-03-15 07:05:19,275 [INFO]   → The Hacker News
2026-03-15 07:05:20,249 [INFO]   → Bleeping Computer
2026-03-15 07:05:20,823 [INFO]   → Securelist (Kaspersky ICS/APT)
2026-03-15 07:05:22,509 [INFO]   → CISA Alerts (US-CERT)
2026-03-15 07:05:23,258 [INFO]   → CISA Known Exploited Vulnerabilities
2026-03-15 07:05:23,934 [INFO]   → Comisión Europea — Noticias
2026-03-15 07:05:25,111 [INFO]   → BOE API (sumario del día)
2026-03-15 07:05:25,175 [WARNING] HTTP 404 — https://boe.es/datosabiertos/api/boe/id/BOE-20260315
2026-03-15 07:05:25,677 [INFO]   → datos.gob.es API
2026-03-15 07:05:25,786 [INFO] Filtro relevancia: 0 artículos nuevos → 0 relevantes
2026-03-15 07:05:25,787 [INFO] Resumen: 23 fuentes OK / 2 fallos / 235 ítems procesados / 0 nuevos / 0 guardados
2026-03-15 07:05:25,791 [WARNING] No hay artículos que guardar hoy.
2026-03-15 07:05:25,792 [INFO] === Scraper finalizado ===
