2026-03-09 19:10:21,121 [INFO] === Iniciando scraper OSINT — 2026-03-09T19:10:21.121605 ===
2026-03-09 19:10:21,122 [INFO] Fuentes RSS configuradas: 19
2026-03-09 19:10:21,123 [INFO]   → CCN-CERT Alertas
2026-03-09 19:10:21,315 [WARNING] HTTP 403 — https://www.ccn-cert.cni.es/rss/alertas.xml
2026-03-09 19:10:21,316 [INFO]   → CCN-CERT Avisos
2026-03-09 19:10:21,414 [WARNING] HTTP 403 — https://www.ccn-cert.cni.es/rss/avisos.xml
2026-03-09 19:10:21,415 [INFO]   → CCN-CERT Noticias
2026-03-09 19:10:21,522 [WARNING] HTTP 403 — https://www.ccn-cert.cni.es/rss/noticias.xml
2026-03-09 19:10:21,524 [INFO]   → INCIBE Avisos
2026-03-09 19:10:22,746 [WARNING] HTTP 404 — https://www.incibe.es/feed/avisos
2026-03-09 19:10:22,748 [INFO]   → INCIBE Noticias
2026-03-09 19:10:23,377 [WARNING] HTTP 404 — https://www.incibe.es/feed/noticias
2026-03-09 19:10:23,380 [INFO]   → ENISA News
2026-03-09 19:10:23,674 [WARNING] HTTP 404 — https://www.enisa.europa.eu/media/news-items/RSS
2026-03-09 19:10:23,678 [INFO]   → ENISA Publications
2026-03-09 19:10:23,845 [WARNING] HTTP 404 — https://www.enisa.europa.eu/publications/RSS
2026-03-09 19:10:23,849 [INFO]   → Digitalización España (digitales.gob.es)
2026-03-09 19:10:23,858 [WARNING] URL error ([Errno -2] Name or service not known) — https://www.digitales.gob.es/feed/
2026-03-09 19:10:23,860 [INFO]   → PAe — Administración Electrónica
2026-03-09 19:10:25,719 [INFO]   → datos.gob.es — Novedades
2026-03-09 19:10:26,988 [WARNING] HTTP 404 — https://datos.gob.es/es/feed/rss/catalogo-datos-blog
2026-03-09 19:10:26,992 [INFO]   → EC Digital Strategy News
2026-03-09 19:10:27,823 [INFO]   → EUR-Lex — Actos recientes digitales
2026-03-09 19:10:27,935 [WARNING] XML parse error en EUR-Lex — Actos recientes digitales: no element found: line 1, column 0
2026-03-09 19:10:28,438 [INFO]   → BOE — Disposiciones Generales (hoy)
2026-03-09 19:10:28,609 [WARNING] XML parse error en BOE — Disposiciones Generales (hoy): mismatched tag: line 22, column 4
2026-03-09 19:10:29,111 [INFO]   → Red.es Noticias
2026-03-09 19:10:29,666 [WARNING] HTTP 404 — https://www.red.es/es/actualidad/noticias/rss.xml
2026-03-09 19:10:29,671 [INFO]   → Gobierno Abierto (Transparencia)
2026-03-09 19:10:29,758 [WARNING] URL error ([SSL: CERTIFICATE_VERIFY_FAILED] certificate verify failed: Hostname mismatch, certificate is not valid for 'www.transparencia.gob.es'. (_ssl.c:1029)) — https://www.transparencia.gob.es/transparencia/transparencia_Home/index/rss.html
2026-03-09 19:10:29,761 [INFO]   → Observatorio OBSAE
2026-03-09 19:10:37,514 [INFO]   → Krebs on Security
2026-03-09 19:10:38,437 [INFO]   → The Hacker News
2026-03-09 19:10:39,414 [INFO]   → Bleeping Computer
2026-03-09 19:10:40,016 [INFO]   → BOE API (sumario del día)
2026-03-09 19:10:40,123 [WARNING] HTTP 404 — https://boe.es/datosabiertos/api/boe/id/BOE-20260309
2026-03-09 19:10:40,627 [INFO]   → datos.gob.es API
2026-03-09 19:10:40,912 [INFO] Filtro relevancia: 85 artículos nuevos → 10 relevantes
2026-03-09 19:10:40,914 [INFO] Resumen: 8 fuentes OK / 11 fallos / 85 ítems procesados / 85 nuevos / 10 guardados
2026-03-09 19:10:40,919 [INFO] Modo TEST: no se guarda CSV ni se actualiza caché.
2026-03-09 19:10:41,582 [INFO] === Iniciando scraper OSINT — 2026-03-09T19:10:41.582209 ===
2026-03-09 19:10:41,583 [INFO] Fuentes RSS configuradas: 19
2026-03-09 19:10:41,583 [INFO]   → CCN-CERT Alertas
2026-03-09 19:10:41,751 [WARNING] HTTP 403 — https://www.ccn-cert.cni.es/rss/alertas.xml
2026-03-09 19:10:41,753 [INFO]   → CCN-CERT Avisos
2026-03-09 19:10:41,834 [WARNING] HTTP 403 — https://www.ccn-cert.cni.es/rss/avisos.xml
2026-03-09 19:10:41,835 [INFO]   → CCN-CERT Noticias
2026-03-09 19:10:41,934 [WARNING] HTTP 403 — https://www.ccn-cert.cni.es/rss/noticias.xml
2026-03-09 19:10:41,936 [INFO]   → INCIBE Avisos
2026-03-09 19:10:42,521 [WARNING] HTTP 404 — https://www.incibe.es/feed/avisos
2026-03-09 19:10:42,524 [INFO]   → INCIBE Noticias
2026-03-09 19:10:43,062 [WARNING] HTTP 404 — https://www.incibe.es/feed/noticias
2026-03-09 19:10:43,065 [INFO]   → ENISA News
2026-03-09 19:10:43,149 [WARNING] HTTP 404 — https://www.enisa.europa.eu/media/news-items/RSS
2026-03-09 19:10:43,152 [INFO]   → ENISA Publications
2026-03-09 19:10:43,214 [WARNING] HTTP 404 — https://www.enisa.europa.eu/publications/RSS
2026-03-09 19:10:43,216 [INFO]   → Digitalización España (digitales.gob.es)
2026-03-09 19:10:43,222 [WARNING] URL error ([Errno -2] Name or service not known) — https://www.digitales.gob.es/feed/
2026-03-09 19:10:43,223 [INFO]   → PAe — Administración Electrónica
2026-03-09 19:10:46,890 [INFO]   → datos.gob.es — Novedades
2026-03-09 19:10:47,102 [WARNING] HTTP 404 — https://datos.gob.es/es/feed/rss/catalogo-datos-blog
2026-03-09 19:10:47,104 [INFO]   → EC Digital Strategy News
2026-03-09 19:10:47,699 [INFO]   → EUR-Lex — Actos recientes digitales
2026-03-09 19:10:47,751 [WARNING] XML parse error en EUR-Lex — Actos recientes digitales: no element found: line 1, column 0
2026-03-09 19:10:48,252 [INFO]   → BOE — Disposiciones Generales (hoy)
2026-03-09 19:10:48,351 [WARNING] XML parse error en BOE — Disposiciones Generales (hoy): mismatched tag: line 22, column 4
2026-03-09 19:10:48,852 [INFO]   → Red.es Noticias
2026-03-09 19:10:48,997 [WARNING] HTTP 404 — https://www.red.es/es/actualidad/noticias/rss.xml
2026-03-09 19:10:49,001 [INFO]   → Gobierno Abierto (Transparencia)
2026-03-09 19:10:49,073 [WARNING] URL error ([SSL: CERTIFICATE_VERIFY_FAILED] certificate verify failed: Hostname mismatch, certificate is not valid for 'www.transparencia.gob.es'. (_ssl.c:1029)) — https://www.transparencia.gob.es/transparencia/transparencia_Home/index/rss.html
2026-03-09 19:10:49,076 [INFO]   → Observatorio OBSAE
2026-03-09 19:10:56,828 [INFO]   → Krebs on Security
2026-03-09 19:10:57,577 [INFO]   → The Hacker News
2026-03-09 19:10:58,509 [INFO]   → Bleeping Computer
2026-03-09 19:10:59,103 [INFO]   → BOE API (sumario del día)
2026-03-09 19:10:59,203 [WARNING] HTTP 404 — https://boe.es/datosabiertos/api/boe/id/BOE-20260309
2026-03-09 19:10:59,707 [INFO]   → datos.gob.es API
2026-03-09 19:10:59,906 [INFO] Filtro relevancia: 85 artículos nuevos → 10 relevantes
2026-03-09 19:10:59,908 [INFO] Resumen: 8 fuentes OK / 11 fallos / 85 ítems procesados / 85 nuevos / 10 guardados
2026-03-09 19:10:59,915 [INFO] Modo TEST: no se guarda CSV ni se actualiza caché.
2026-03-09 19:11:00,535 [INFO] === Iniciando scraper OSINT — 2026-03-09T19:11:00.535042 ===
2026-03-09 19:11:00,536 [INFO] Fuentes RSS configuradas: 19
2026-03-09 19:11:00,536 [INFO]   → CCN-CERT Alertas
2026-03-09 19:11:00,719 [WARNING] HTTP 403 — https://www.ccn-cert.cni.es/rss/alertas.xml
2026-03-09 19:11:00,721 [INFO]   → CCN-CERT Avisos
2026-03-09 19:11:00,846 [WARNING] HTTP 403 — https://www.ccn-cert.cni.es/rss/avisos.xml
2026-03-09 19:11:00,848 [INFO]   → CCN-CERT Noticias
2026-03-09 19:11:00,942 [WARNING] HTTP 403 — https://www.ccn-cert.cni.es/rss/noticias.xml
2026-03-09 19:11:00,944 [INFO]   → INCIBE Avisos
2026-03-09 19:11:01,444 [WARNING] HTTP 404 — https://www.incibe.es/feed/avisos
2026-03-09 19:11:01,446 [INFO]   → INCIBE Noticias
2026-03-09 19:11:01,943 [WARNING] HTTP 404 — https://www.incibe.es/feed/noticias
2026-03-09 19:11:01,946 [INFO]   → ENISA News
2026-03-09 19:11:02,027 [WARNING] HTTP 404 — https://www.enisa.europa.eu/media/news-items/RSS
2026-03-09 19:11:02,030 [INFO]   → ENISA Publications
2026-03-09 19:11:02,091 [WARNING] HTTP 404 — https://www.enisa.europa.eu/publications/RSS
2026-03-09 19:11:02,093 [INFO]   → Digitalización España (digitales.gob.es)
2026-03-09 19:11:02,100 [WARNING] URL error ([Errno -2] Name or service not known) — https://www.digitales.gob.es/feed/
2026-03-09 19:11:02,101 [INFO]   → PAe — Administración Electrónica
2026-03-09 19:11:07,884 [INFO]   → datos.gob.es — Novedades
2026-03-09 19:11:08,120 [WARNING] HTTP 404 — https://datos.gob.es/es/feed/rss/catalogo-datos-blog
2026-03-09 19:11:08,126 [INFO]   → EC Digital Strategy News
2026-03-09 19:11:08,783 [INFO]   → EUR-Lex — Actos recientes digitales
2026-03-09 19:11:08,839 [WARNING] XML parse error en EUR-Lex — Actos recientes digitales: no element found: line 1, column 0
2026-03-09 19:11:09,341 [INFO]   → BOE — Disposiciones Generales (hoy)
2026-03-09 19:11:09,509 [WARNING] XML parse error en BOE — Disposiciones Generales (hoy): mismatched tag: line 22, column 4
2026-03-09 19:11:10,011 [INFO]   → Red.es Noticias
2026-03-09 19:11:10,162 [WARNING] HTTP 404 — https://www.red.es/es/actualidad/noticias/rss.xml
2026-03-09 19:11:10,165 [INFO]   → Gobierno Abierto (Transparencia)
2026-03-09 19:11:10,241 [WARNING] URL error ([SSL: CERTIFICATE_VERIFY_FAILED] certificate verify failed: Hostname mismatch, certificate is not valid for 'www.transparencia.gob.es'. (_ssl.c:1029)) — https://www.transparencia.gob.es/transparencia/transparencia_Home/index/rss.html
2026-03-09 19:11:10,244 [INFO]   → Observatorio OBSAE
2026-03-09 19:11:25,891 [INFO]   → Krebs on Security
2026-03-09 19:11:26,637 [INFO]   → The Hacker News
2026-03-09 19:11:27,543 [INFO]   → Bleeping Computer
2026-03-09 19:11:28,139 [INFO]   → BOE API (sumario del día)
2026-03-09 19:11:28,234 [WARNING] HTTP 404 — https://boe.es/datosabiertos/api/boe/id/BOE-20260309
2026-03-09 19:11:28,738 [INFO]   → datos.gob.es API
2026-03-09 19:11:28,835 [INFO] Filtro relevancia: 85 artículos nuevos → 10 relevantes
2026-03-09 19:11:28,837 [INFO] Resumen: 8 fuentes OK / 11 fallos / 85 ítems procesados / 85 nuevos / 10 guardados
2026-03-09 19:11:28,849 [INFO] CSV guardado: data/osint_2026-03-09.csv (10 artículos)
2026-03-09 19:11:28,852 [INFO] === Scraper finalizado ===
2026-03-09 19:12:45,108 [WARNING] HTTP 403 — https://www.ccn-cert.cni.es/rss/alertas.xml
2026-03-09 19:12:45,201 [WARNING] HTTP 403 — https://www.ccn-cert.cni.es/rss/avisos.xml
2026-03-09 19:12:45,312 [WARNING] HTTP 403 — https://www.ccn-cert.cni.es/rss/noticias.xml
2026-03-09 19:12:45,833 [WARNING] HTTP 404 — https://www.incibe.es/feed/avisos
2026-03-09 19:12:46,306 [WARNING] HTTP 404 — https://www.incibe.es/feed/noticias
2026-03-09 19:12:46,424 [WARNING] HTTP 404 — https://www.enisa.europa.eu/media/news-items/RSS
2026-03-09 19:12:46,508 [WARNING] HTTP 404 — https://www.enisa.europa.eu/publications/RSS
2026-03-09 19:12:46,515 [WARNING] URL error ([Errno -2] Name or service not known) — https://www.digitales.gob.es/feed/
2026-03-09 19:12:49,060 [WARNING] HTTP 404 — https://datos.gob.es/es/feed/rss/catalogo-datos-blog
2026-03-09 19:12:49,735 [WARNING] HTTP 404 — https://www.red.es/es/actualidad/noticias/rss.xml
2026-03-09 19:12:49,806 [WARNING] URL error ([SSL: CERTIFICATE_VERIFY_FAILED] certificate verify failed: Hostname mismatch, certificate is not valid for 'www.transparencia.gob.es'. (_ssl.c:1029)) — https://www.transparencia.gob.es/transparencia/transparencia_Home/index/rss.html
2026-03-09 19:15:50,405 [WARNING] HTTP 404 — https://ens.ccn.cni.es/es/?format=feed&type=rss
2026-03-09 19:15:50,520 [WARNING] HTTP 403 — https://www.ccn.cni.es/index.php/es/?format=feed&type=rss
2026-03-09 19:15:51,925 [WARNING] HTTP 404 — https://www.incibe.es/noticias/feed
2026-03-09 19:15:52,520 [WARNING] HTTP 404 — https://www.enisa.europa.eu/news/enisa-news/RSS
2026-03-09 19:15:52,859 [WARNING] HTTP 404 — https://www.enisa.europa.eu/publications/enisa-publications/RSS
2026-03-09 19:15:57,699 [WARNING] HTTP 404 — https://www.red.es/rss/actualidad/noticias
2026-03-09 19:15:57,753 [WARNING] HTTP 400 — http://www.transparencia.gob.es/transparencia/transparencia_Home/index/rss.html
2026-03-09 19:16:01,207 [WARNING] HTTP 404 — https://ec.europa.eu/newsroom/dae/rss.cfm?item_type=1705
2026-03-09 19:18:35,988 [WARNING] HTTP 404 — https://cert.europa.eu/publications/security-advisories/feed/
2026-03-09 19:18:36,215 [WARNING] HTTP 404 — https://cert.europa.eu/publications/threat-intelligence/feed/
2026-03-09 19:18:37,958 [WARNING] HTTP 404 — https://www.incibe.es/node/feed
2026-03-09 19:18:38,203 [WARNING] HTTP 404 — https://ec.europa.eu/newsroom/enisa/rss-items/index.cfm?from=enisa
2026-03-09 19:18:38,543 [WARNING] HTTP 404 — https://www.enisa.europa.eu/topics/cyber-threats/rss_events
2026-03-09 19:18:44,203 [WARNING] HTTP 404 — https://www.red.es/es/rss/actualidad
2026-03-09 19:18:44,317 [WARNING] HTTP 404 — https://transparencia.gob.es/transparencia/dam/rss/noticias.xml
2026-03-09 19:18:46,632 [WARNING] HTTP 404 — https://ec.europa.eu/newsroom/dae/rss-items/index.cfm
2026-03-09 19:19:31,186 [INFO] === Iniciando scraper OSINT — 2026-03-09T19:19:31.186496 ===
2026-03-09 19:19:31,187 [INFO] Fuentes RSS configuradas: 25
2026-03-09 19:19:31,188 [INFO]   → CERT-EU Security Advisories
2026-03-09 19:19:31,485 [WARNING] HTTP 404 — https://cert.europa.eu/publications/security-advisories/feed/
2026-03-09 19:19:31,486 [INFO]   → CERT-EU Threat Intelligence
2026-03-09 19:19:31,712 [WARNING] HTTP 404 — https://cert.europa.eu/publications/threat-intelligence/feed/
2026-03-09 19:19:31,714 [INFO]   → INCIBE Avisos de Seguridad
2026-03-09 19:19:32,711 [INFO]   → INCIBE-CERT Vulnerabilidades
2026-03-09 19:19:33,572 [INFO]   → INCIBE Noticias
2026-03-09 19:19:34,153 [WARNING] HTTP 404 — https://www.incibe.es/node/feed
2026-03-09 19:19:34,156 [INFO]   → ENISA — EC Newsroom
2026-03-09 19:19:34,367 [WARNING] HTTP 404 — https://ec.europa.eu/newsroom/enisa/rss-items/index.cfm?from=enisa
2026-03-09 19:19:34,372 [INFO]   → ENISA Topics — NIS / Cybersecurity
2026-03-09 19:19:34,457 [WARNING] HTTP 404 — https://www.enisa.europa.eu/topics/cyber-threats/rss_events
2026-03-09 19:19:34,460 [INFO]   → Administración Digital (administracion.gob.es)
2026-03-09 19:19:34,878 [WARNING] XML parse error en Administración Digital (administracion.gob.es): not well-formed (invalid token): line 94, column 18
2026-03-09 19:19:35,381 [INFO]   → PAe — Administración Electrónica
2026-03-09 19:19:38,062 [INFO]   → Observatorio OBSAE
2026-03-09 19:19:38,679 [INFO]   → datos.gob.es — Blog
2026-03-09 19:19:39,376 [WARNING] XML parse error en datos.gob.es — Blog: not well-formed (invalid token): line 37, column 75
2026-03-09 19:19:39,878 [INFO]   → datos.gob.es — Noticias
2026-03-09 19:19:40,340 [WARNING] XML parse error en datos.gob.es — Noticias: not well-formed (invalid token): line 37, column 75
2026-03-09 19:19:40,843 [INFO]   → EC Digital Strategy News
2026-03-09 19:19:41,484 [INFO]   → EUR-Lex — Reglamentos TIC recientes
2026-03-09 19:19:41,562 [WARNING] XML parse error en EUR-Lex — Reglamentos TIC recientes: no element found: line 1, column 0
2026-03-09 19:19:42,064 [INFO]   → BOE — Disposiciones Generales (hoy)
2026-03-09 19:19:42,290 [WARNING] XML parse error en BOE — Disposiciones Generales (hoy): mismatched tag: line 22, column 4
2026-03-09 19:19:42,792 [INFO]   → BOE — Últimas disposiciones (semana)
2026-03-09 19:19:42,949 [WARNING] XML parse error en BOE — Últimas disposiciones (semana): mismatched tag: line 22, column 4
2026-03-09 19:19:43,451 [INFO]   → Red.es Noticias
2026-03-09 19:19:43,718 [WARNING] HTTP 404 — https://www.red.es/es/rss/actualidad
2026-03-09 19:19:43,722 [INFO]   → Gobierno Abierto — SGAD
2026-03-09 19:19:43,860 [WARNING] HTTP 404 — https://transparencia.gob.es/transparencia/dam/rss/noticias.xml
2026-03-09 19:19:43,864 [INFO]   → Krebs on Security
2026-03-09 19:19:44,608 [INFO]   → The Hacker News
2026-03-09 19:19:45,576 [INFO]   → Bleeping Computer
2026-03-09 19:19:46,173 [INFO]   → Securelist (Kaspersky ICS/APT)
2026-03-09 19:19:47,838 [INFO]   → CISA Alerts (US-CERT)
2026-03-09 19:19:48,846 [INFO]   → CISA Known Exploited Vulnerabilities
2026-03-09 19:19:49,612 [INFO]   → EU Digital Single Market
2026-03-09 19:19:49,808 [WARNING] HTTP 404 — https://ec.europa.eu/newsroom/dae/rss-items/index.cfm
2026-03-09 19:19:49,810 [INFO]   → BOE API (sumario del día)
2026-03-09 19:19:49,907 [WARNING] HTTP 404 — https://boe.es/datosabiertos/api/boe/id/BOE-20260309
2026-03-09 19:19:50,411 [INFO]   → datos.gob.es API
2026-03-09 19:19:50,565 [INFO] Filtro relevancia: 60 artículos nuevos → 11 relevantes
2026-03-09 19:19:50,567 [INFO] Resumen: 17 fuentes OK / 8 fallos / 145 ítems procesados / 60 nuevos / 11 guardados
2026-03-09 19:19:50,605 [INFO] CSV guardado: data/osint_2026-03-09.csv (11 artículos)
2026-03-09 19:19:50,610 [INFO] === Scraper finalizado ===
