2026-04-12 06:05:02,583 [INFO] === Iniciando scraper OSINT — 2026-04-12T06:05:02.583488 ===
2026-04-12 06:05:02,584 [INFO] Fuentes RSS configuradas: 25
2026-04-12 06:05:02,585 [INFO]   → CERT-EU Security Advisories
2026-04-12 06:05:03,519 [INFO]   → CERT-EU Threat Intelligence
2026-04-12 06:05:04,257 [INFO]   → INCIBE Avisos de Seguridad
2026-04-12 06:05:05,050 [INFO]   → INCIBE-CERT Vulnerabilidades
2026-04-12 06:05:05,870 [INFO]   → INCIBE Noticias
2026-04-12 06:05:06,446 [WARNING] HTTP 404 — https://www.incibe.es/feed
2026-04-12 06:05:06,447 [INFO]   → Dark Reading — Government
2026-04-12 06:05:07,467 [INFO]   → SANS Internet Stormcast
2026-04-12 06:05:08,923 [INFO]   → Administración Digital (administracion.gob.es)
2026-04-12 06:05:09,395 [WARNING] XML parse error en Administración Digital (administracion.gob.es): not well-formed (invalid token): line 94, column 18
2026-04-12 06:05:09,896 [INFO]   → PAe — Administración Electrónica
2026-04-12 06:05:25,562 [INFO]   → Observatorio OBSAE
2026-04-12 06:05:28,173 [INFO]   → datos.gob.es — Blog
2026-04-12 06:05:28,652 [WARNING] XML parse error en datos.gob.es — Blog: not well-formed (invalid token): line 37, column 75
2026-04-12 06:05:29,153 [INFO]   → datos.gob.es — Noticias
2026-04-12 06:05:30,546 [WARNING] XML parse error en datos.gob.es — Noticias: not well-formed (invalid token): line 37, column 75
2026-04-12 06:05:31,047 [INFO]   → EC Digital Strategy News
2026-04-12 06:05:31,751 [INFO]   → EUR-Lex — OJ Diario Oficial
2026-04-12 06:05:31,851 [WARNING] XML parse error en EUR-Lex — OJ Diario Oficial: no element found: line 1, column 0
2026-04-12 06:05:32,352 [INFO]   → BOE — Disposiciones Generales (hoy)
2026-04-12 06:05:32,452 [WARNING] XML parse error en BOE — Disposiciones Generales (hoy): mismatched tag: line 22, column 4
2026-04-12 06:05:32,953 [INFO]   → BOE — Últimas disposiciones (semana)
2026-04-12 06:05:33,050 [WARNING] XML parse error en BOE — Últimas disposiciones (semana): mismatched tag: line 22, column 4
2026-04-12 06:05:33,551 [INFO]   → La Moncloa — Noticias de Gobierno
2026-04-12 06:05:33,905 [WARNING] XML parse error en La Moncloa — Noticias de Gobierno: not well-formed (invalid token): line 12, column 14
2026-04-12 06:05:34,406 [INFO]   → Senado — Actividad Legislativa
2026-04-12 06:05:34,541 [WARNING] HTTP 404 — https://www.senado.es/rss/actualidad/rss_senado.xml
2026-04-12 06:05:34,543 [INFO]   → Krebs on Security
2026-04-12 06:05:35,379 [INFO]   → The Hacker News
2026-04-12 06:05:36,228 [INFO]   → Bleeping Computer
2026-04-12 06:05:36,803 [INFO]   → Securelist (Kaspersky ICS/APT)
2026-04-12 06:05:38,339 [INFO]   → CISA Alerts (US-CERT)
2026-04-12 06:05:39,813 [INFO]   → CISA Known Exploited Vulnerabilities
2026-04-12 06:05:40,696 [INFO]   → Comisión Europea — Noticias
2026-04-12 06:05:41,839 [INFO]   → BOE API (sumario del día)
2026-04-12 06:05:41,953 [WARNING] HTTP 404 — https://boe.es/datosabiertos/api/boe/id/BOE-20260412
2026-04-12 06:05:42,456 [INFO]   → datos.gob.es API
2026-04-12 06:05:42,649 [INFO] Filtro relevancia: 4 artículos nuevos → 1 relevantes
2026-04-12 06:05:42,650 [INFO] Resumen: 23 fuentes OK / 2 fallos / 235 ítems procesados / 4 nuevos / 1 guardados
2026-04-12 06:05:42,658 [INFO] CSV guardado: data/osint_2026-04-12.csv (1 artículos)
2026-04-12 06:05:42,672 [INFO] Purgados 1 CSVs anteriores a 2026-03-13
2026-04-12 06:05:42,673 [INFO] === Scraper finalizado ===
2026-04-12 07:05:01,872 [INFO] === Iniciando scraper OSINT — 2026-04-12T07:05:01.871844 ===
2026-04-12 07:05:01,876 [INFO] Fuentes RSS configuradas: 25
2026-04-12 07:05:01,883 [INFO]   → CERT-EU Security Advisories
2026-04-12 07:05:02,864 [INFO]   → CERT-EU Threat Intelligence
2026-04-12 07:05:03,736 [INFO]   → INCIBE Avisos de Seguridad
2026-04-12 07:05:04,541 [INFO]   → INCIBE-CERT Vulnerabilidades
2026-04-12 07:05:05,260 [INFO]   → INCIBE Noticias
2026-04-12 07:05:05,773 [WARNING] HTTP 404 — https://www.incibe.es/feed
2026-04-12 07:05:05,775 [INFO]   → Dark Reading — Government
2026-04-12 07:05:06,764 [INFO]   → SANS Internet Stormcast
2026-04-12 07:05:08,261 [INFO]   → Administración Digital (administracion.gob.es)
2026-04-12 07:05:08,730 [WARNING] XML parse error en Administración Digital (administracion.gob.es): not well-formed (invalid token): line 94, column 18
2026-04-12 07:05:09,230 [INFO]   → PAe — Administración Electrónica
2026-04-12 07:05:09,877 [INFO]   → Observatorio OBSAE
2026-04-12 07:05:10,457 [INFO]   → datos.gob.es — Blog
2026-04-12 07:05:13,441 [WARNING] XML parse error en datos.gob.es — Blog: not well-formed (invalid token): line 37, column 75
2026-04-12 07:05:13,942 [INFO]   → datos.gob.es — Noticias
2026-04-12 07:05:14,264 [WARNING] XML parse error en datos.gob.es — Noticias: not well-formed (invalid token): line 37, column 75
2026-04-12 07:05:14,765 [INFO]   → EC Digital Strategy News
2026-04-12 07:05:15,481 [INFO]   → EUR-Lex — OJ Diario Oficial
2026-04-12 07:05:15,638 [WARNING] XML parse error en EUR-Lex — OJ Diario Oficial: no element found: line 1, column 0
2026-04-12 07:05:16,139 [INFO]   → BOE — Disposiciones Generales (hoy)
2026-04-12 07:05:16,234 [WARNING] XML parse error en BOE — Disposiciones Generales (hoy): mismatched tag: line 22, column 4
2026-04-12 07:05:16,735 [INFO]   → BOE — Últimas disposiciones (semana)
2026-04-12 07:05:16,834 [WARNING] XML parse error en BOE — Últimas disposiciones (semana): mismatched tag: line 22, column 4
2026-04-12 07:05:17,335 [INFO]   → La Moncloa — Noticias de Gobierno
2026-04-12 07:05:17,590 [WARNING] XML parse error en La Moncloa — Noticias de Gobierno: not well-formed (invalid token): line 12, column 14
2026-04-12 07:05:18,091 [INFO]   → Senado — Actividad Legislativa
2026-04-12 07:05:18,377 [WARNING] HTTP 404 — https://www.senado.es/rss/actualidad/rss_senado.xml
2026-04-12 07:05:18,378 [INFO]   → Krebs on Security
2026-04-12 07:05:19,062 [INFO]   → The Hacker News
2026-04-12 07:05:19,862 [INFO]   → Bleeping Computer
2026-04-12 07:05:20,441 [INFO]   → Securelist (Kaspersky ICS/APT)
2026-04-12 07:05:22,000 [INFO]   → CISA Alerts (US-CERT)
2026-04-12 07:05:23,017 [INFO]   → CISA Known Exploited Vulnerabilities
2026-04-12 07:05:23,907 [INFO]   → Comisión Europea — Noticias
2026-04-12 07:05:26,451 [INFO]   → BOE API (sumario del día)
2026-04-12 07:05:26,524 [WARNING] HTTP 404 — https://boe.es/datosabiertos/api/boe/id/BOE-20260412
2026-04-12 07:05:27,026 [INFO]   → datos.gob.es API
2026-04-12 07:05:27,137 [INFO] Filtro relevancia: 0 artículos nuevos → 0 relevantes
2026-04-12 07:05:27,137 [INFO] Resumen: 23 fuentes OK / 2 fallos / 235 ítems procesados / 0 nuevos / 0 guardados
2026-04-12 07:05:27,145 [WARNING] No hay artículos que guardar hoy.
2026-04-12 07:05:27,145 [INFO] === Scraper finalizado ===
