2026-04-09 06:05:01,820 [INFO] === Iniciando scraper OSINT — 2026-04-09T06:05:01.819926 ===
2026-04-09 06:05:01,821 [INFO] Fuentes RSS configuradas: 25
2026-04-09 06:05:01,821 [INFO]   → CERT-EU Security Advisories
2026-04-09 06:05:02,770 [INFO]   → CERT-EU Threat Intelligence
2026-04-09 06:05:03,526 [INFO]   → INCIBE Avisos de Seguridad
2026-04-09 06:05:04,468 [INFO]   → INCIBE-CERT Vulnerabilidades
2026-04-09 06:05:05,149 [INFO]   → INCIBE Noticias
2026-04-09 06:05:05,616 [WARNING] HTTP 404 — https://www.incibe.es/feed
2026-04-09 06:05:05,617 [INFO]   → Dark Reading — Government
2026-04-09 06:05:06,623 [INFO]   → SANS Internet Stormcast
2026-04-09 06:05:08,095 [INFO]   → Administración Digital (administracion.gob.es)
2026-04-09 06:05:08,596 [WARNING] XML parse error en Administración Digital (administracion.gob.es): not well-formed (invalid token): line 94, column 18
2026-04-09 06:05:09,097 [INFO]   → PAe — Administración Electrónica
2026-04-09 06:05:09,743 [INFO]   → Observatorio OBSAE
2026-04-09 06:05:10,392 [INFO]   → datos.gob.es — Blog
2026-04-09 06:05:12,067 [WARNING] XML parse error en datos.gob.es — Blog: not well-formed (invalid token): line 37, column 75
2026-04-09 06:05:12,568 [INFO]   → datos.gob.es — Noticias
2026-04-09 06:05:14,354 [WARNING] XML parse error en datos.gob.es — Noticias: not well-formed (invalid token): line 37, column 75
2026-04-09 06:05:14,855 [INFO]   → EC Digital Strategy News
2026-04-09 06:05:15,569 [INFO]   → EUR-Lex — OJ Diario Oficial
2026-04-09 06:05:17,160 [WARNING] XML parse error en EUR-Lex — OJ Diario Oficial: mismatched tag: line 178, column 10
2026-04-09 06:05:17,661 [INFO]   → BOE — Disposiciones Generales (hoy)
2026-04-09 06:05:17,760 [WARNING] XML parse error en BOE — Disposiciones Generales (hoy): mismatched tag: line 22, column 4
2026-04-09 06:05:18,261 [INFO]   → BOE — Últimas disposiciones (semana)
2026-04-09 06:05:18,352 [WARNING] XML parse error en BOE — Últimas disposiciones (semana): mismatched tag: line 22, column 4
2026-04-09 06:05:18,853 [INFO]   → La Moncloa — Noticias de Gobierno
2026-04-09 06:05:19,090 [WARNING] XML parse error en La Moncloa — Noticias de Gobierno: not well-formed (invalid token): line 12, column 14
2026-04-09 06:05:19,591 [INFO]   → Senado — Actividad Legislativa
2026-04-09 06:05:19,680 [WARNING] HTTP 404 — https://www.senado.es/rss/actualidad/rss_senado.xml
2026-04-09 06:05:19,682 [INFO]   → Krebs on Security
2026-04-09 06:05:20,491 [INFO]   → The Hacker News
2026-04-09 06:05:21,412 [INFO]   → Bleeping Computer
2026-04-09 06:05:21,995 [INFO]   → Securelist (Kaspersky ICS/APT)
2026-04-09 06:05:23,663 [INFO]   → CISA Alerts (US-CERT)
2026-04-09 06:05:24,745 [INFO]   → CISA Known Exploited Vulnerabilities
2026-04-09 06:05:25,697 [INFO]   → Comisión Europea — Noticias
2026-04-09 06:05:26,959 [INFO]   → BOE API (sumario del día)
2026-04-09 06:05:27,064 [WARNING] HTTP 404 — https://boe.es/datosabiertos/api/boe/id/BOE-20260409
2026-04-09 06:05:27,570 [INFO]   → datos.gob.es API
2026-04-09 06:05:27,866 [INFO] Filtro relevancia: 84 artículos nuevos → 10 relevantes
2026-04-09 06:05:27,867 [INFO] Resumen: 23 fuentes OK / 2 fallos / 235 ítems procesados / 84 nuevos / 10 guardados
2026-04-09 06:05:27,877 [INFO] CSV guardado: data/osint_2026-04-09.csv (10 artículos)
2026-04-09 06:05:27,883 [INFO] Purgados 1 CSVs anteriores a 2026-03-10
2026-04-09 06:05:27,884 [INFO] === Scraper finalizado ===
2026-04-09 07:05:01,883 [INFO] === Iniciando scraper OSINT — 2026-04-09T07:05:01.883087 ===
2026-04-09 07:05:01,887 [INFO] Fuentes RSS configuradas: 25
2026-04-09 07:05:01,887 [INFO]   → CERT-EU Security Advisories
2026-04-09 07:05:02,854 [INFO]   → CERT-EU Threat Intelligence
2026-04-09 07:05:03,610 [INFO]   → INCIBE Avisos de Seguridad
2026-04-09 07:05:04,478 [INFO]   → INCIBE-CERT Vulnerabilidades
2026-04-09 07:05:05,153 [INFO]   → INCIBE Noticias
2026-04-09 07:05:06,243 [WARNING] HTTP 404 — https://www.incibe.es/feed
2026-04-09 07:05:06,244 [INFO]   → Dark Reading — Government
2026-04-09 07:05:07,204 [INFO]   → SANS Internet Stormcast
2026-04-09 07:05:08,804 [INFO]   → Administración Digital (administracion.gob.es)
2026-04-09 07:05:09,213 [WARNING] XML parse error en Administración Digital (administracion.gob.es): not well-formed (invalid token): line 94, column 18
2026-04-09 07:05:09,714 [INFO]   → PAe — Administración Electrónica
2026-04-09 07:05:25,362 [INFO]   → Observatorio OBSAE
2026-04-09 07:05:41,005 [INFO]   → datos.gob.es — Blog
2026-04-09 07:05:41,153 [WARNING] XML parse error en datos.gob.es — Blog: not well-formed (invalid token): line 37, column 75
2026-04-09 07:05:41,654 [INFO]   → datos.gob.es — Noticias
2026-04-09 07:05:41,832 [WARNING] XML parse error en datos.gob.es — Noticias: not well-formed (invalid token): line 37, column 75
2026-04-09 07:05:42,333 [INFO]   → EC Digital Strategy News
2026-04-09 07:05:43,008 [INFO]   → EUR-Lex — OJ Diario Oficial
2026-04-09 07:05:43,585 [WARNING] XML parse error en EUR-Lex — OJ Diario Oficial: mismatched tag: line 170, column 10
2026-04-09 07:05:44,087 [INFO]   → BOE — Disposiciones Generales (hoy)
2026-04-09 07:05:44,214 [WARNING] XML parse error en BOE — Disposiciones Generales (hoy): mismatched tag: line 22, column 4
2026-04-09 07:05:44,718 [INFO]   → BOE — Últimas disposiciones (semana)
2026-04-09 07:05:44,820 [WARNING] XML parse error en BOE — Últimas disposiciones (semana): mismatched tag: line 22, column 4
2026-04-09 07:05:45,321 [INFO]   → La Moncloa — Noticias de Gobierno
2026-04-09 07:05:45,655 [WARNING] XML parse error en La Moncloa — Noticias de Gobierno: not well-formed (invalid token): line 12, column 14
2026-04-09 07:05:46,156 [INFO]   → Senado — Actividad Legislativa
2026-04-09 07:05:46,240 [WARNING] HTTP 404 — https://www.senado.es/rss/actualidad/rss_senado.xml
2026-04-09 07:05:46,242 [INFO]   → Krebs on Security
2026-04-09 07:05:46,929 [INFO]   → The Hacker News
2026-04-09 07:05:47,697 [INFO]   → Bleeping Computer
2026-04-09 07:05:48,280 [INFO]   → Securelist (Kaspersky ICS/APT)
2026-04-09 07:05:49,855 [INFO]   → CISA Alerts (US-CERT)
2026-04-09 07:05:51,388 [INFO]   → CISA Known Exploited Vulnerabilities
2026-04-09 07:05:52,634 [INFO]   → Comisión Europea — Noticias
2026-04-09 07:05:53,670 [INFO]   → BOE API (sumario del día)
2026-04-09 07:05:53,740 [WARNING] HTTP 404 — https://boe.es/datosabiertos/api/boe/id/BOE-20260409
2026-04-09 07:05:54,241 [INFO]   → datos.gob.es API
2026-04-09 07:05:54,519 [INFO] Filtro relevancia: 0 artículos nuevos → 0 relevantes
2026-04-09 07:05:54,520 [INFO] Resumen: 23 fuentes OK / 2 fallos / 235 ítems procesados / 0 nuevos / 0 guardados
2026-04-09 07:05:54,527 [WARNING] No hay artículos que guardar hoy.
2026-04-09 07:05:54,527 [INFO] === Scraper finalizado ===
