2026-04-27 06:05:01,835 [INFO] === Iniciando scraper OSINT — 2026-04-27T06:05:01.835189 ===
2026-04-27 06:05:01,836 [INFO] Fuentes RSS configuradas: 25
2026-04-27 06:05:01,837 [INFO]   → CERT-EU Security Advisories
2026-04-27 06:05:02,777 [INFO]   → CERT-EU Threat Intelligence
2026-04-27 06:05:03,543 [INFO]   → INCIBE Avisos de Seguridad
2026-04-27 06:05:04,465 [INFO]   → INCIBE-CERT Vulnerabilidades
2026-04-27 06:05:05,173 [INFO]   → INCIBE Noticias
2026-04-27 06:05:05,615 [WARNING] HTTP 404 — https://www.incibe.es/feed
2026-04-27 06:05:05,617 [INFO]   → Dark Reading — Government
2026-04-27 06:05:06,600 [INFO]   → SANS Internet Stormcast
2026-04-27 06:05:07,893 [INFO]   → Administración Digital (administracion.gob.es)
2026-04-27 06:05:08,347 [WARNING] XML parse error en Administración Digital (administracion.gob.es): not well-formed (invalid token): line 94, column 18
2026-04-27 06:05:08,848 [INFO]   → PAe — Administración Electrónica
2026-04-27 06:05:09,432 [INFO]   → Observatorio OBSAE
2026-04-27 06:05:10,029 [INFO]   → datos.gob.es — Blog
2026-04-27 06:05:10,165 [WARNING] XML parse error en datos.gob.es — Blog: not well-formed (invalid token): line 37, column 75
2026-04-27 06:05:10,666 [INFO]   → datos.gob.es — Noticias
2026-04-27 06:05:12,255 [WARNING] XML parse error en datos.gob.es — Noticias: not well-formed (invalid token): line 37, column 75
2026-04-27 06:05:12,756 [INFO]   → EC Digital Strategy News
2026-04-27 06:05:13,419 [INFO]   → EUR-Lex — OJ Diario Oficial
2026-04-27 06:05:13,546 [WARNING] XML parse error en EUR-Lex — OJ Diario Oficial: no element found: line 1, column 0
2026-04-27 06:05:14,047 [INFO]   → BOE — Disposiciones Generales (hoy)
2026-04-27 06:05:14,146 [WARNING] XML parse error en BOE — Disposiciones Generales (hoy): mismatched tag: line 22, column 4
2026-04-27 06:05:14,647 [INFO]   → BOE — Últimas disposiciones (semana)
2026-04-27 06:05:14,740 [WARNING] XML parse error en BOE — Últimas disposiciones (semana): mismatched tag: line 22, column 4
2026-04-27 06:05:15,241 [INFO]   → La Moncloa — Noticias de Gobierno
2026-04-27 06:05:15,565 [WARNING] XML parse error en La Moncloa — Noticias de Gobierno: not well-formed (invalid token): line 12, column 14
2026-04-27 06:05:16,066 [INFO]   → Senado — Actividad Legislativa
2026-04-27 06:05:16,166 [WARNING] HTTP 404 — https://www.senado.es/rss/actualidad/rss_senado.xml
2026-04-27 06:05:16,167 [INFO]   → Krebs on Security
2026-04-27 06:05:16,993 [INFO]   → The Hacker News
2026-04-27 06:05:17,860 [INFO]   → Bleeping Computer
2026-04-27 06:05:18,430 [INFO]   → Securelist (Kaspersky ICS/APT)
2026-04-27 06:05:19,893 [INFO]   → CISA Alerts (US-CERT)
2026-04-27 06:05:20,683 [INFO]   → CISA Known Exploited Vulnerabilities
2026-04-27 06:05:21,493 [INFO]   → Comisión Europea — Noticias
2026-04-27 06:05:22,540 [INFO]   → BOE API (sumario del día)
2026-04-27 06:05:22,615 [WARNING] HTTP 404 — https://boe.es/datosabiertos/api/boe/id/BOE-20260427
2026-04-27 06:05:23,116 [INFO]   → datos.gob.es API
2026-04-27 06:05:23,198 [INFO] Filtro relevancia: 9 artículos nuevos → 1 relevantes
2026-04-27 06:05:23,199 [INFO] Resumen: 23 fuentes OK / 2 fallos / 235 ítems procesados / 9 nuevos / 1 guardados
2026-04-27 06:05:23,207 [INFO] CSV guardado: data/osint_2026-04-27.csv (1 artículos)
2026-04-27 06:05:23,214 [INFO] Purgados 2 CSVs anteriores a 2026-03-28
2026-04-27 06:05:23,215 [INFO] === Scraper finalizado ===
2026-04-27 07:05:02,368 [INFO] === Iniciando scraper OSINT — 2026-04-27T07:05:02.368682 ===
2026-04-27 07:05:02,375 [INFO] Fuentes RSS configuradas: 25
2026-04-27 07:05:02,376 [INFO]   → CERT-EU Security Advisories
2026-04-27 07:05:03,415 [INFO]   → CERT-EU Threat Intelligence
2026-04-27 07:05:04,180 [INFO]   → INCIBE Avisos de Seguridad
2026-04-27 07:05:04,946 [INFO]   → INCIBE-CERT Vulnerabilidades
2026-04-27 07:05:05,719 [INFO]   → INCIBE Noticias
2026-04-27 07:05:06,303 [WARNING] HTTP 404 — https://www.incibe.es/feed
2026-04-27 07:05:06,305 [INFO]   → Dark Reading — Government
2026-04-27 07:05:07,286 [INFO]   → SANS Internet Stormcast
2026-04-27 07:05:08,574 [INFO]   → Administración Digital (administracion.gob.es)
2026-04-27 07:05:09,058 [WARNING] XML parse error en Administración Digital (administracion.gob.es): not well-formed (invalid token): line 94, column 18
2026-04-27 07:05:09,559 [INFO]   → PAe — Administración Electrónica
2026-04-27 07:05:10,135 [INFO]   → Observatorio OBSAE
2026-04-27 07:05:10,717 [INFO]   → datos.gob.es — Blog
2026-04-27 07:05:12,112 [WARNING] XML parse error en datos.gob.es — Blog: not well-formed (invalid token): line 37, column 75
2026-04-27 07:05:12,613 [INFO]   → datos.gob.es — Noticias
2026-04-27 07:05:13,317 [WARNING] XML parse error en datos.gob.es — Noticias: not well-formed (invalid token): line 37, column 75
2026-04-27 07:05:13,824 [INFO]   → EC Digital Strategy News
2026-04-27 07:05:14,510 [INFO]   → EUR-Lex — OJ Diario Oficial
2026-04-27 07:05:14,696 [WARNING] XML parse error en EUR-Lex — OJ Diario Oficial: no element found: line 1, column 0
2026-04-27 07:05:15,197 [INFO]   → BOE — Disposiciones Generales (hoy)
2026-04-27 07:05:15,290 [WARNING] XML parse error en BOE — Disposiciones Generales (hoy): mismatched tag: line 22, column 4
2026-04-27 07:05:15,791 [INFO]   → BOE — Últimas disposiciones (semana)
2026-04-27 07:05:15,885 [WARNING] XML parse error en BOE — Últimas disposiciones (semana): mismatched tag: line 22, column 4
2026-04-27 07:05:16,386 [INFO]   → La Moncloa — Noticias de Gobierno
2026-04-27 07:05:16,704 [WARNING] XML parse error en La Moncloa — Noticias de Gobierno: not well-formed (invalid token): line 12, column 14
2026-04-27 07:05:17,205 [INFO]   → Senado — Actividad Legislativa
2026-04-27 07:05:17,301 [WARNING] HTTP 404 — https://www.senado.es/rss/actualidad/rss_senado.xml
2026-04-27 07:05:17,302 [INFO]   → Krebs on Security
2026-04-27 07:05:18,081 [INFO]   → The Hacker News
2026-04-27 07:05:19,011 [INFO]   → Bleeping Computer
2026-04-27 07:05:19,580 [INFO]   → Securelist (Kaspersky ICS/APT)
2026-04-27 07:05:21,141 [INFO]   → CISA Alerts (US-CERT)
2026-04-27 07:05:21,920 [INFO]   → CISA Known Exploited Vulnerabilities
2026-04-27 07:05:22,613 [INFO]   → Comisión Europea — Noticias
2026-04-27 07:05:23,655 [INFO]   → BOE API (sumario del día)
2026-04-27 07:05:23,725 [WARNING] HTTP 404 — https://boe.es/datosabiertos/api/boe/id/BOE-20260427
2026-04-27 07:05:24,227 [INFO]   → datos.gob.es API
2026-04-27 07:05:24,315 [INFO] Filtro relevancia: 0 artículos nuevos → 0 relevantes
2026-04-27 07:05:24,316 [INFO] Resumen: 23 fuentes OK / 2 fallos / 235 ítems procesados / 0 nuevos / 0 guardados
2026-04-27 07:05:24,322 [WARNING] No hay artículos que guardar hoy.
2026-04-27 07:05:24,323 [INFO] === Scraper finalizado ===
