2026-04-06 06:05:02,369 [INFO] === Iniciando scraper OSINT — 2026-04-06T06:05:02.369631 ===
2026-04-06 06:05:02,370 [INFO] Fuentes RSS configuradas: 25
2026-04-06 06:05:02,371 [INFO]   → CERT-EU Security Advisories
2026-04-06 06:05:03,321 [INFO]   → CERT-EU Threat Intelligence
2026-04-06 06:05:04,103 [INFO]   → INCIBE Avisos de Seguridad
2026-04-06 06:05:04,893 [INFO]   → INCIBE-CERT Vulnerabilidades
2026-04-06 06:05:05,692 [INFO]   → INCIBE Noticias
2026-04-06 06:05:05,999 [WARNING] HTTP 404 — https://www.incibe.es/feed
2026-04-06 06:05:06,001 [INFO]   → Dark Reading — Government
2026-04-06 06:05:06,990 [INFO]   → SANS Internet Stormcast
2026-04-06 06:05:08,410 [INFO]   → Administración Digital (administracion.gob.es)
2026-04-06 06:05:08,848 [WARNING] XML parse error en Administración Digital (administracion.gob.es): not well-formed (invalid token): line 94, column 18
2026-04-06 06:05:09,349 [INFO]   → PAe — Administración Electrónica
2026-04-06 06:05:11,042 [INFO]   → Observatorio OBSAE
2026-04-06 06:05:11,632 [INFO]   → datos.gob.es — Blog
2026-04-06 06:05:13,243 [WARNING] XML parse error en datos.gob.es — Blog: not well-formed (invalid token): line 37, column 75
2026-04-06 06:05:13,744 [INFO]   → datos.gob.es — Noticias
2026-04-06 06:05:15,092 [WARNING] XML parse error en datos.gob.es — Noticias: not well-formed (invalid token): line 37, column 75
2026-04-06 06:05:15,593 [INFO]   → EC Digital Strategy News
2026-04-06 06:05:16,287 [INFO]   → EUR-Lex — OJ Diario Oficial
2026-04-06 06:05:18,179 [WARNING] XML parse error en EUR-Lex — OJ Diario Oficial: mismatched tag: line 178, column 10
2026-04-06 06:05:18,680 [INFO]   → BOE — Disposiciones Generales (hoy)
2026-04-06 06:05:18,780 [WARNING] XML parse error en BOE — Disposiciones Generales (hoy): mismatched tag: line 22, column 4
2026-04-06 06:05:19,281 [INFO]   → BOE — Últimas disposiciones (semana)
2026-04-06 06:05:19,387 [WARNING] XML parse error en BOE — Últimas disposiciones (semana): mismatched tag: line 22, column 4
2026-04-06 06:05:19,888 [INFO]   → La Moncloa — Noticias de Gobierno
2026-04-06 06:05:20,204 [WARNING] XML parse error en La Moncloa — Noticias de Gobierno: not well-formed (invalid token): line 12, column 14
2026-04-06 06:05:20,705 [INFO]   → Senado — Actividad Legislativa
2026-04-06 06:05:20,793 [WARNING] HTTP 404 — https://www.senado.es/rss/actualidad/rss_senado.xml
2026-04-06 06:05:20,794 [INFO]   → Krebs on Security
2026-04-06 06:05:21,620 [INFO]   → The Hacker News
2026-04-06 06:05:22,603 [INFO]   → Bleeping Computer
2026-04-06 06:05:23,176 [INFO]   → Securelist (Kaspersky ICS/APT)
2026-04-06 06:05:24,811 [INFO]   → CISA Alerts (US-CERT)
2026-04-06 06:05:26,586 [INFO]   → CISA Known Exploited Vulnerabilities
2026-04-06 06:05:27,490 [INFO]   → Comisión Europea — Noticias
2026-04-06 06:05:28,457 [INFO]   → BOE API (sumario del día)
2026-04-06 06:05:28,556 [WARNING] HTTP 404 — https://boe.es/datosabiertos/api/boe/id/BOE-20260406
2026-04-06 06:05:29,058 [INFO]   → datos.gob.es API
2026-04-06 06:05:29,172 [INFO] Filtro relevancia: 8 artículos nuevos → 1 relevantes
2026-04-06 06:05:29,172 [INFO] Resumen: 23 fuentes OK / 2 fallos / 235 ítems procesados / 8 nuevos / 1 guardados
2026-04-06 06:05:29,182 [INFO] CSV guardado: data/osint_2026-04-06.csv (1 artículos)
2026-04-06 06:05:29,186 [INFO] === Scraper finalizado ===
2026-04-06 07:05:01,987 [INFO] === Iniciando scraper OSINT — 2026-04-06T07:05:01.987274 ===
2026-04-06 07:05:01,990 [INFO] Fuentes RSS configuradas: 25
2026-04-06 07:05:01,991 [INFO]   → CERT-EU Security Advisories
2026-04-06 07:05:02,939 [INFO]   → CERT-EU Threat Intelligence
2026-04-06 07:05:03,679 [INFO]   → INCIBE Avisos de Seguridad
2026-04-06 07:05:04,454 [INFO]   → INCIBE-CERT Vulnerabilidades
2026-04-06 07:05:05,153 [INFO]   → INCIBE Noticias
2026-04-06 07:05:05,715 [WARNING] HTTP 404 — https://www.incibe.es/feed
2026-04-06 07:05:05,717 [INFO]   → Dark Reading — Government
2026-04-06 07:05:06,698 [INFO]   → SANS Internet Stormcast
2026-04-06 07:05:08,186 [INFO]   → Administración Digital (administracion.gob.es)
2026-04-06 07:05:08,587 [WARNING] XML parse error en Administración Digital (administracion.gob.es): not well-formed (invalid token): line 94, column 18
2026-04-06 07:05:09,089 [INFO]   → PAe — Administración Electrónica
2026-04-06 07:05:24,710 [INFO]   → Observatorio OBSAE
2026-04-06 07:05:26,303 [INFO]   → datos.gob.es — Blog
2026-04-06 07:05:26,794 [WARNING] XML parse error en datos.gob.es — Blog: not well-formed (invalid token): line 37, column 75
2026-04-06 07:05:27,295 [INFO]   → datos.gob.es — Noticias
2026-04-06 07:05:27,478 [WARNING] XML parse error en datos.gob.es — Noticias: not well-formed (invalid token): line 37, column 75
2026-04-06 07:05:27,979 [INFO]   → EC Digital Strategy News
2026-04-06 07:05:28,659 [INFO]   → EUR-Lex — OJ Diario Oficial
2026-04-06 07:05:30,339 [WARNING] XML parse error en EUR-Lex — OJ Diario Oficial: mismatched tag: line 178, column 10
2026-04-06 07:05:30,840 [INFO]   → BOE — Disposiciones Generales (hoy)
2026-04-06 07:05:30,939 [WARNING] XML parse error en BOE — Disposiciones Generales (hoy): mismatched tag: line 22, column 4
2026-04-06 07:05:31,440 [INFO]   → BOE — Últimas disposiciones (semana)
2026-04-06 07:05:31,544 [WARNING] XML parse error en BOE — Últimas disposiciones (semana): mismatched tag: line 22, column 4
2026-04-06 07:05:32,045 [INFO]   → La Moncloa — Noticias de Gobierno
2026-04-06 07:05:32,285 [WARNING] XML parse error en La Moncloa — Noticias de Gobierno: not well-formed (invalid token): line 12, column 14
2026-04-06 07:05:32,786 [INFO]   → Senado — Actividad Legislativa
2026-04-06 07:05:32,865 [WARNING] HTTP 404 — https://www.senado.es/rss/actualidad/rss_senado.xml
2026-04-06 07:05:32,867 [INFO]   → Krebs on Security
2026-04-06 07:05:33,572 [INFO]   → The Hacker News
2026-04-06 07:05:34,418 [INFO]   → Bleeping Computer
2026-04-06 07:05:35,023 [INFO]   → Securelist (Kaspersky ICS/APT)
2026-04-06 07:05:36,589 [INFO]   → CISA Alerts (US-CERT)
2026-04-06 07:05:38,050 [INFO]   → CISA Known Exploited Vulnerabilities
2026-04-06 07:05:38,933 [INFO]   → Comisión Europea — Noticias
2026-04-06 07:05:40,163 [INFO]   → BOE API (sumario del día)
2026-04-06 07:05:40,289 [WARNING] HTTP 404 — https://boe.es/datosabiertos/api/boe/id/BOE-20260406
2026-04-06 07:05:40,790 [INFO]   → datos.gob.es API
2026-04-06 07:05:41,055 [INFO] Filtro relevancia: 0 artículos nuevos → 0 relevantes
2026-04-06 07:05:41,055 [INFO] Resumen: 23 fuentes OK / 2 fallos / 235 ítems procesados / 0 nuevos / 0 guardados
2026-04-06 07:05:41,063 [WARNING] No hay artículos que guardar hoy.
2026-04-06 07:05:41,064 [INFO] === Scraper finalizado ===
