2026-04-16 06:05:01,893 [INFO] === Iniciando scraper OSINT — 2026-04-16T06:05:01.893297 ===
2026-04-16 06:05:01,895 [INFO] Fuentes RSS configuradas: 25
2026-04-16 06:05:01,896 [INFO]   → CERT-EU Security Advisories
2026-04-16 06:05:02,852 [INFO]   → CERT-EU Threat Intelligence
2026-04-16 06:05:03,592 [INFO]   → INCIBE Avisos de Seguridad
2026-04-16 06:05:04,557 [INFO]   → INCIBE-CERT Vulnerabilidades
2026-04-16 06:05:05,278 [INFO]   → INCIBE Noticias
2026-04-16 06:05:05,788 [WARNING] HTTP 404 — https://www.incibe.es/feed
2026-04-16 06:05:05,789 [INFO]   → Dark Reading — Government
2026-04-16 06:05:06,743 [INFO]   → SANS Internet Stormcast
2026-04-16 06:05:08,433 [INFO]   → Administración Digital (administracion.gob.es)
2026-04-16 06:05:08,889 [WARNING] XML parse error en Administración Digital (administracion.gob.es): not well-formed (invalid token): line 94, column 18
2026-04-16 06:05:09,390 [INFO]   → PAe — Administración Electrónica
2026-04-16 06:05:09,975 [INFO]   → Observatorio OBSAE
2026-04-16 06:05:10,549 [INFO]   → datos.gob.es — Blog
2026-04-16 06:05:11,221 [WARNING] XML parse error en datos.gob.es — Blog: not well-formed (invalid token): line 37, column 75
2026-04-16 06:05:11,722 [INFO]   → datos.gob.es — Noticias
2026-04-16 06:05:11,887 [WARNING] XML parse error en datos.gob.es — Noticias: not well-formed (invalid token): line 37, column 75
2026-04-16 06:05:12,388 [INFO]   → EC Digital Strategy News
2026-04-16 06:05:13,088 [INFO]   → EUR-Lex — OJ Diario Oficial
2026-04-16 06:05:13,675 [WARNING] XML parse error en EUR-Lex — OJ Diario Oficial: mismatched tag: line 170, column 10
2026-04-16 06:05:14,183 [INFO]   → BOE — Disposiciones Generales (hoy)
2026-04-16 06:05:14,305 [WARNING] XML parse error en BOE — Disposiciones Generales (hoy): mismatched tag: line 22, column 4
2026-04-16 06:05:14,806 [INFO]   → BOE — Últimas disposiciones (semana)
2026-04-16 06:05:14,930 [WARNING] XML parse error en BOE — Últimas disposiciones (semana): mismatched tag: line 22, column 4
2026-04-16 06:05:15,431 [INFO]   → La Moncloa — Noticias de Gobierno
2026-04-16 06:05:15,677 [WARNING] XML parse error en La Moncloa — Noticias de Gobierno: not well-formed (invalid token): line 12, column 14
2026-04-16 06:05:16,178 [INFO]   → Senado — Actividad Legislativa
2026-04-16 06:05:16,297 [WARNING] HTTP 404 — https://www.senado.es/rss/actualidad/rss_senado.xml
2026-04-16 06:05:16,299 [INFO]   → Krebs on Security
2026-04-16 06:05:16,980 [INFO]   → The Hacker News
2026-04-16 06:05:17,812 [INFO]   → Bleeping Computer
2026-04-16 06:05:18,404 [INFO]   → Securelist (Kaspersky ICS/APT)
2026-04-16 06:05:20,002 [INFO]   → CISA Alerts (US-CERT)
2026-04-16 06:05:20,751 [INFO]   → CISA Known Exploited Vulnerabilities
2026-04-16 06:05:21,532 [INFO]   → Comisión Europea — Noticias
2026-04-16 06:05:22,655 [INFO]   → BOE API (sumario del día)
2026-04-16 06:05:22,769 [WARNING] HTTP 404 — https://boe.es/datosabiertos/api/boe/id/BOE-20260416
2026-04-16 06:05:23,270 [INFO]   → datos.gob.es API
2026-04-16 06:05:23,666 [INFO] Filtro relevancia: 37 artículos nuevos → 3 relevantes
2026-04-16 06:05:23,667 [INFO] Resumen: 23 fuentes OK / 2 fallos / 235 ítems procesados / 37 nuevos / 3 guardados
2026-04-16 06:05:23,676 [INFO] CSV guardado: data/osint_2026-04-16.csv (3 artículos)
2026-04-16 06:05:23,679 [INFO] === Scraper finalizado ===
2026-04-16 07:05:02,591 [INFO] === Iniciando scraper OSINT — 2026-04-16T07:05:02.590790 ===
2026-04-16 07:05:02,595 [INFO] Fuentes RSS configuradas: 25
2026-04-16 07:05:02,595 [INFO]   → CERT-EU Security Advisories
2026-04-16 07:05:03,570 [INFO]   → CERT-EU Threat Intelligence
2026-04-16 07:05:04,319 [INFO]   → INCIBE Avisos de Seguridad
2026-04-16 07:05:05,311 [INFO]   → INCIBE-CERT Vulnerabilidades
2026-04-16 07:05:06,058 [INFO]   → INCIBE Noticias
2026-04-16 07:05:06,500 [WARNING] HTTP 404 — https://www.incibe.es/feed
2026-04-16 07:05:06,502 [INFO]   → Dark Reading — Government
2026-04-16 07:05:07,428 [INFO]   → SANS Internet Stormcast
2026-04-16 07:05:09,103 [INFO]   → Administración Digital (administracion.gob.es)
2026-04-16 07:05:09,650 [WARNING] XML parse error en Administración Digital (administracion.gob.es): not well-formed (invalid token): line 94, column 18
2026-04-16 07:05:10,151 [INFO]   → PAe — Administración Electrónica
2026-04-16 07:05:10,734 [INFO]   → Observatorio OBSAE
2026-04-16 07:05:11,311 [INFO]   → datos.gob.es — Blog
2026-04-16 07:05:11,417 [WARNING] XML parse error en datos.gob.es — Blog: not well-formed (invalid token): line 37, column 75
2026-04-16 07:05:11,918 [INFO]   → datos.gob.es — Noticias
2026-04-16 07:05:12,298 [WARNING] XML parse error en datos.gob.es — Noticias: not well-formed (invalid token): line 37, column 75
2026-04-16 07:05:12,799 [INFO]   → EC Digital Strategy News
2026-04-16 07:05:13,482 [INFO]   → EUR-Lex — OJ Diario Oficial
2026-04-16 07:05:14,019 [WARNING] XML parse error en EUR-Lex — OJ Diario Oficial: mismatched tag: line 170, column 10
2026-04-16 07:05:14,521 [INFO]   → BOE — Disposiciones Generales (hoy)
2026-04-16 07:05:14,634 [WARNING] XML parse error en BOE — Disposiciones Generales (hoy): mismatched tag: line 22, column 4
2026-04-16 07:05:15,135 [INFO]   → BOE — Últimas disposiciones (semana)
2026-04-16 07:05:15,282 [WARNING] XML parse error en BOE — Últimas disposiciones (semana): mismatched tag: line 22, column 4
2026-04-16 07:05:15,787 [INFO]   → La Moncloa — Noticias de Gobierno
2026-04-16 07:05:16,048 [WARNING] XML parse error en La Moncloa — Noticias de Gobierno: not well-formed (invalid token): line 12, column 14
2026-04-16 07:05:16,549 [INFO]   → Senado — Actividad Legislativa
2026-04-16 07:05:16,647 [WARNING] HTTP 404 — https://www.senado.es/rss/actualidad/rss_senado.xml
2026-04-16 07:05:16,648 [INFO]   → Krebs on Security
2026-04-16 07:05:17,468 [INFO]   → The Hacker News
2026-04-16 07:05:18,224 [INFO]   → Bleeping Computer
2026-04-16 07:05:18,807 [INFO]   → Securelist (Kaspersky ICS/APT)
2026-04-16 07:05:20,293 [INFO]   → CISA Alerts (US-CERT)
2026-04-16 07:05:21,088 [INFO]   → CISA Known Exploited Vulnerabilities
2026-04-16 07:05:21,786 [INFO]   → Comisión Europea — Noticias
2026-04-16 07:05:22,872 [INFO]   → BOE API (sumario del día)
2026-04-16 07:05:22,958 [WARNING] HTTP 404 — https://boe.es/datosabiertos/api/boe/id/BOE-20260416
2026-04-16 07:05:23,459 [INFO]   → datos.gob.es API
2026-04-16 07:05:23,665 [INFO] Filtro relevancia: 0 artículos nuevos → 0 relevantes
2026-04-16 07:05:23,666 [INFO] Resumen: 23 fuentes OK / 2 fallos / 235 ítems procesados / 0 nuevos / 0 guardados
2026-04-16 07:05:23,674 [WARNING] No hay artículos que guardar hoy.
2026-04-16 07:05:23,675 [INFO] === Scraper finalizado ===
