2026-04-21 07:05:01,987 [INFO] === Iniciando scraper OSINT — 2026-04-21T07:05:01.987743 ===
2026-04-21 07:05:01,990 [INFO] Fuentes RSS configuradas: 25
2026-04-21 07:05:01,991 [INFO]   → CERT-EU Security Advisories
2026-04-21 07:05:02,982 [INFO]   → CERT-EU Threat Intelligence
2026-04-21 07:05:03,762 [INFO]   → INCIBE Avisos de Seguridad
2026-04-21 07:05:04,546 [INFO]   → INCIBE-CERT Vulnerabilidades
2026-04-21 07:05:05,244 [INFO]   → INCIBE Noticias
2026-04-21 07:05:06,238 [WARNING] HTTP 404 — https://www.incibe.es/feed
2026-04-21 07:05:06,240 [INFO]   → Dark Reading — Government
2026-04-21 07:05:07,470 [INFO]   → SANS Internet Stormcast
2026-04-21 07:05:09,158 [INFO]   → Administración Digital (administracion.gob.es)
2026-04-21 07:05:09,619 [WARNING] XML parse error en Administración Digital (administracion.gob.es): not well-formed (invalid token): line 94, column 18
2026-04-21 07:05:10,120 [INFO]   → PAe — Administración Electrónica
2026-04-21 07:05:10,788 [INFO]   → Observatorio OBSAE
2026-04-21 07:05:11,393 [INFO]   → datos.gob.es — Blog
2026-04-21 07:05:12,880 [WARNING] XML parse error en datos.gob.es — Blog: not well-formed (invalid token): line 37, column 75
2026-04-21 07:05:13,381 [INFO]   → datos.gob.es — Noticias
2026-04-21 07:05:14,741 [WARNING] XML parse error en datos.gob.es — Noticias: not well-formed (invalid token): line 37, column 75
2026-04-21 07:05:15,242 [INFO]   → EC Digital Strategy News
2026-04-21 07:05:15,914 [INFO]   → EUR-Lex — OJ Diario Oficial
2026-04-21 07:05:16,011 [WARNING] XML parse error en EUR-Lex — OJ Diario Oficial: no element found: line 1, column 0
2026-04-21 07:05:16,512 [INFO]   → BOE — Disposiciones Generales (hoy)
2026-04-21 07:05:16,612 [WARNING] XML parse error en BOE — Disposiciones Generales (hoy): mismatched tag: line 22, column 4
2026-04-21 07:05:17,113 [INFO]   → BOE — Últimas disposiciones (semana)
2026-04-21 07:05:17,208 [WARNING] XML parse error en BOE — Últimas disposiciones (semana): mismatched tag: line 22, column 4
2026-04-21 07:05:17,709 [INFO]   → La Moncloa — Noticias de Gobierno
2026-04-21 07:05:17,951 [WARNING] XML parse error en La Moncloa — Noticias de Gobierno: not well-formed (invalid token): line 12, column 14
2026-04-21 07:05:18,452 [INFO]   → Senado — Actividad Legislativa
2026-04-21 07:05:18,541 [WARNING] HTTP 404 — https://www.senado.es/rss/actualidad/rss_senado.xml
2026-04-21 07:05:18,543 [INFO]   → Krebs on Security
2026-04-21 07:05:19,215 [INFO]   → The Hacker News
2026-04-21 07:05:20,128 [INFO]   → Bleeping Computer
2026-04-21 07:05:20,706 [INFO]   → Securelist (Kaspersky ICS/APT)
2026-04-21 07:05:22,327 [INFO]   → CISA Alerts (US-CERT)
2026-04-21 07:05:24,301 [INFO]   → CISA Known Exploited Vulnerabilities
2026-04-21 07:05:25,573 [INFO]   → Comisión Europea — Noticias
2026-04-21 07:05:26,787 [INFO]   → BOE API (sumario del día)
2026-04-21 07:05:26,873 [WARNING] HTTP 404 — https://boe.es/datosabiertos/api/boe/id/BOE-20260421
2026-04-21 07:05:27,375 [INFO]   → datos.gob.es API
2026-04-21 07:05:27,707 [INFO] Filtro relevancia: 33 artículos nuevos → 3 relevantes
2026-04-21 07:05:27,708 [INFO] Resumen: 23 fuentes OK / 2 fallos / 235 ítems procesados / 33 nuevos / 3 guardados
2026-04-21 07:05:27,719 [INFO] CSV guardado: data/osint_2026-04-21.csv (3 artículos)
2026-04-21 07:05:27,734 [INFO] Purgados 1 CSVs anteriores a 2026-03-22
2026-04-21 07:05:27,735 [INFO] === Scraper finalizado ===
