2026-03-26 06:05:01,803 [INFO] === Iniciando scraper OSINT — 2026-03-26T06:05:01.803771 ===
2026-03-26 06:05:01,806 [INFO] Fuentes RSS configuradas: 25
2026-03-26 06:05:01,806 [INFO]   → CERT-EU Security Advisories
2026-03-26 06:05:02,975 [INFO]   → CERT-EU Threat Intelligence
2026-03-26 06:05:03,750 [INFO]   → INCIBE Avisos de Seguridad
2026-03-26 06:05:04,664 [INFO]   → INCIBE-CERT Vulnerabilidades
2026-03-26 06:05:05,360 [INFO]   → INCIBE Noticias
2026-03-26 06:05:05,853 [WARNING] HTTP 404 — https://www.incibe.es/feed
2026-03-26 06:05:05,854 [INFO]   → Dark Reading — Government
2026-03-26 06:05:06,804 [INFO]   → SANS Internet Stormcast
2026-03-26 06:05:08,264 [INFO]   → Administración Digital (administracion.gob.es)
2026-03-26 06:05:08,723 [WARNING] XML parse error en Administración Digital (administracion.gob.es): not well-formed (invalid token): line 94, column 18
2026-03-26 06:05:09,223 [INFO]   → PAe — Administración Electrónica
2026-03-26 06:05:09,814 [INFO]   → Observatorio OBSAE
2026-03-26 06:05:10,393 [INFO]   → datos.gob.es — Blog
2026-03-26 06:05:11,618 [WARNING] XML parse error en datos.gob.es — Blog: not well-formed (invalid token): line 37, column 75
2026-03-26 06:05:12,118 [INFO]   → datos.gob.es — Noticias
2026-03-26 06:05:13,451 [WARNING] XML parse error en datos.gob.es — Noticias: not well-formed (invalid token): line 37, column 75
2026-03-26 06:05:13,952 [INFO]   → EC Digital Strategy News
2026-03-26 06:05:14,661 [INFO]   → EUR-Lex — OJ Diario Oficial
2026-03-26 06:05:15,187 [WARNING] XML parse error en EUR-Lex — OJ Diario Oficial: mismatched tag: line 170, column 10
2026-03-26 06:05:15,690 [INFO]   → BOE — Disposiciones Generales (hoy)
2026-03-26 06:05:15,855 [WARNING] XML parse error en BOE — Disposiciones Generales (hoy): mismatched tag: line 22, column 4
2026-03-26 06:05:16,358 [INFO]   → BOE — Últimas disposiciones (semana)
2026-03-26 06:05:16,515 [WARNING] XML parse error en BOE — Últimas disposiciones (semana): mismatched tag: line 22, column 4
2026-03-26 06:05:17,017 [INFO]   → La Moncloa — Noticias de Gobierno
2026-03-26 06:05:17,323 [WARNING] XML parse error en La Moncloa — Noticias de Gobierno: not well-formed (invalid token): line 12, column 14
2026-03-26 06:05:17,826 [INFO]   → Senado — Actividad Legislativa
2026-03-26 06:05:17,937 [WARNING] HTTP 404 — https://www.senado.es/rss/actualidad/rss_senado.xml
2026-03-26 06:05:17,941 [INFO]   → Krebs on Security
2026-03-26 06:05:18,703 [INFO]   → The Hacker News
2026-03-26 06:05:19,540 [INFO]   → Bleeping Computer
2026-03-26 06:05:20,141 [INFO]   → Securelist (Kaspersky ICS/APT)
2026-03-26 06:05:21,899 [INFO]   → CISA Alerts (US-CERT)
2026-03-26 06:05:22,646 [INFO]   → CISA Known Exploited Vulnerabilities
2026-03-26 06:05:23,338 [INFO]   → Comisión Europea — Noticias
2026-03-26 06:05:24,550 [INFO]   → BOE API (sumario del día)
2026-03-26 06:05:24,638 [WARNING] HTTP 404 — https://boe.es/datosabiertos/api/boe/id/BOE-20260326
2026-03-26 06:05:25,139 [INFO]   → datos.gob.es API
2026-03-26 06:05:25,382 [INFO] Filtro relevancia: 41 artículos nuevos → 3 relevantes
2026-03-26 06:05:25,383 [INFO] Resumen: 23 fuentes OK / 2 fallos / 235 ítems procesados / 41 nuevos / 3 guardados
2026-03-26 06:05:25,390 [INFO] CSV guardado: data/osint_2026-03-26.csv (3 artículos)
2026-03-26 06:05:25,393 [INFO] === Scraper finalizado ===
2026-03-26 07:05:02,184 [INFO] === Iniciando scraper OSINT — 2026-03-26T07:05:02.184416 ===
2026-03-26 07:05:02,185 [INFO] Fuentes RSS configuradas: 25
2026-03-26 07:05:02,185 [INFO]   → CERT-EU Security Advisories
2026-03-26 07:05:03,172 [INFO]   → CERT-EU Threat Intelligence
2026-03-26 07:05:04,007 [INFO]   → INCIBE Avisos de Seguridad
2026-03-26 07:05:04,825 [INFO]   → INCIBE-CERT Vulnerabilidades
2026-03-26 07:05:05,517 [INFO]   → INCIBE Noticias
2026-03-26 07:05:05,938 [WARNING] HTTP 404 — https://www.incibe.es/feed
2026-03-26 07:05:05,939 [INFO]   → Dark Reading — Government
2026-03-26 07:05:06,991 [INFO]   → SANS Internet Stormcast
2026-03-26 07:05:08,517 [INFO]   → Administración Digital (administracion.gob.es)
2026-03-26 07:05:09,202 [WARNING] XML parse error en Administración Digital (administracion.gob.es): not well-formed (invalid token): line 94, column 18
2026-03-26 07:05:09,703 [INFO]   → PAe — Administración Electrónica
2026-03-26 07:05:10,448 [INFO]   → Observatorio OBSAE
2026-03-26 07:05:11,186 [INFO]   → datos.gob.es — Blog
2026-03-26 07:05:11,614 [WARNING] XML parse error en datos.gob.es — Blog: not well-formed (invalid token): line 37, column 75
2026-03-26 07:05:12,115 [INFO]   → datos.gob.es — Noticias
2026-03-26 07:05:12,596 [WARNING] XML parse error en datos.gob.es — Noticias: not well-formed (invalid token): line 37, column 75
2026-03-26 07:05:13,097 [INFO]   → EC Digital Strategy News
2026-03-26 07:05:13,767 [INFO]   → EUR-Lex — OJ Diario Oficial
2026-03-26 07:05:14,289 [WARNING] XML parse error en EUR-Lex — OJ Diario Oficial: mismatched tag: line 170, column 10
2026-03-26 07:05:14,790 [INFO]   → BOE — Disposiciones Generales (hoy)
2026-03-26 07:05:14,886 [WARNING] XML parse error en BOE — Disposiciones Generales (hoy): mismatched tag: line 22, column 4
2026-03-26 07:05:15,387 [INFO]   → BOE — Últimas disposiciones (semana)
2026-03-26 07:05:15,542 [WARNING] XML parse error en BOE — Últimas disposiciones (semana): mismatched tag: line 22, column 4
2026-03-26 07:05:16,044 [INFO]   → La Moncloa — Noticias de Gobierno
2026-03-26 07:05:16,819 [WARNING] XML parse error en La Moncloa — Noticias de Gobierno: not well-formed (invalid token): line 12, column 14
2026-03-26 07:05:17,321 [INFO]   → Senado — Actividad Legislativa
2026-03-26 07:05:17,446 [WARNING] HTTP 404 — https://www.senado.es/rss/actualidad/rss_senado.xml
2026-03-26 07:05:17,450 [INFO]   → Krebs on Security
2026-03-26 07:05:18,227 [INFO]   → The Hacker News
2026-03-26 07:05:19,126 [INFO]   → Bleeping Computer
2026-03-26 07:05:19,708 [INFO]   → Securelist (Kaspersky ICS/APT)
2026-03-26 07:05:21,475 [INFO]   → CISA Alerts (US-CERT)
2026-03-26 07:05:22,209 [INFO]   → CISA Known Exploited Vulnerabilities
2026-03-26 07:05:22,901 [INFO]   → Comisión Europea — Noticias
2026-03-26 07:05:23,876 [INFO]   → BOE API (sumario del día)
2026-03-26 07:05:23,947 [WARNING] HTTP 404 — https://boe.es/datosabiertos/api/boe/id/BOE-20260326
2026-03-26 07:05:24,448 [INFO]   → datos.gob.es API
2026-03-26 07:05:24,515 [INFO] Filtro relevancia: 0 artículos nuevos → 0 relevantes
2026-03-26 07:05:24,515 [INFO] Resumen: 23 fuentes OK / 2 fallos / 235 ítems procesados / 0 nuevos / 0 guardados
2026-03-26 07:05:24,521 [WARNING] No hay artículos que guardar hoy.
2026-03-26 07:05:24,521 [INFO] === Scraper finalizado ===
