2026-04-04 06:05:02,188 [INFO] === Iniciando scraper OSINT — 2026-04-04T06:05:02.188360 ===
2026-04-04 06:05:02,190 [INFO] Fuentes RSS configuradas: 25
2026-04-04 06:05:02,191 [INFO]   → CERT-EU Security Advisories
2026-04-04 06:05:03,233 [INFO]   → CERT-EU Threat Intelligence
2026-04-04 06:05:03,995 [INFO]   → INCIBE Avisos de Seguridad
2026-04-04 06:05:04,841 [INFO]   → INCIBE-CERT Vulnerabilidades
2026-04-04 06:05:05,519 [INFO]   → INCIBE Noticias
2026-04-04 06:05:06,698 [WARNING] HTTP 404 — https://www.incibe.es/feed
2026-04-04 06:05:06,699 [INFO]   → Dark Reading — Government
2026-04-04 06:05:07,645 [INFO]   → SANS Internet Stormcast
2026-04-04 06:05:09,086 [INFO]   → Administración Digital (administracion.gob.es)
2026-04-04 06:05:09,644 [WARNING] XML parse error en Administración Digital (administracion.gob.es): not well-formed (invalid token): line 94, column 18
2026-04-04 06:05:10,145 [INFO]   → PAe — Administración Electrónica
2026-04-04 06:05:25,791 [INFO]   → Observatorio OBSAE
2026-04-04 06:05:41,385 [INFO]   → datos.gob.es — Blog
2026-04-04 06:05:42,396 [WARNING] XML parse error en datos.gob.es — Blog: not well-formed (invalid token): line 37, column 75
2026-04-04 06:05:42,897 [INFO]   → datos.gob.es — Noticias
2026-04-04 06:05:44,199 [WARNING] XML parse error en datos.gob.es — Noticias: not well-formed (invalid token): line 37, column 75
2026-04-04 06:05:44,700 [INFO]   → EC Digital Strategy News
2026-04-04 06:05:45,381 [INFO]   → EUR-Lex — OJ Diario Oficial
2026-04-04 06:05:47,197 [WARNING] XML parse error en EUR-Lex — OJ Diario Oficial: mismatched tag: line 178, column 10
2026-04-04 06:05:47,698 [INFO]   → BOE — Disposiciones Generales (hoy)
2026-04-04 06:05:47,795 [WARNING] XML parse error en BOE — Disposiciones Generales (hoy): mismatched tag: line 22, column 4
2026-04-04 06:05:48,296 [INFO]   → BOE — Últimas disposiciones (semana)
2026-04-04 06:05:48,393 [WARNING] XML parse error en BOE — Últimas disposiciones (semana): mismatched tag: line 22, column 4
2026-04-04 06:05:48,894 [INFO]   → La Moncloa — Noticias de Gobierno
2026-04-04 06:05:49,132 [WARNING] XML parse error en La Moncloa — Noticias de Gobierno: not well-formed (invalid token): line 12, column 14
2026-04-04 06:05:49,632 [INFO]   → Senado — Actividad Legislativa
2026-04-04 06:05:49,752 [WARNING] HTTP 404 — https://www.senado.es/rss/actualidad/rss_senado.xml
2026-04-04 06:05:49,754 [INFO]   → Krebs on Security
2026-04-04 06:05:50,426 [INFO]   → The Hacker News
2026-04-04 06:05:51,359 [INFO]   → Bleeping Computer
2026-04-04 06:05:51,929 [INFO]   → Securelist (Kaspersky ICS/APT)
2026-04-04 06:05:53,593 [INFO]   → CISA Alerts (US-CERT)
2026-04-04 06:05:55,077 [INFO]   → CISA Known Exploited Vulnerabilities
2026-04-04 06:05:55,992 [INFO]   → Comisión Europea — Noticias
2026-04-04 06:05:57,077 [INFO]   → BOE API (sumario del día)
2026-04-04 06:05:57,151 [WARNING] HTTP 404 — https://boe.es/datosabiertos/api/boe/id/BOE-20260404
2026-04-04 06:05:57,652 [INFO]   → datos.gob.es API
2026-04-04 06:05:57,981 [INFO] Filtro relevancia: 23 artículos nuevos → 3 relevantes
2026-04-04 06:05:57,984 [INFO] Resumen: 23 fuentes OK / 2 fallos / 235 ítems procesados / 23 nuevos / 3 guardados
2026-04-04 06:05:57,993 [INFO] CSV guardado: data/osint_2026-04-04.csv (3 artículos)
2026-04-04 06:05:57,996 [INFO] === Scraper finalizado ===
2026-04-04 07:05:02,426 [INFO] === Iniciando scraper OSINT — 2026-04-04T07:05:02.426380 ===
2026-04-04 07:05:02,427 [INFO] Fuentes RSS configuradas: 25
2026-04-04 07:05:02,428 [INFO]   → CERT-EU Security Advisories
2026-04-04 07:05:03,385 [INFO]   → CERT-EU Threat Intelligence
2026-04-04 07:05:04,139 [INFO]   → INCIBE Avisos de Seguridad
2026-04-04 07:05:04,900 [INFO]   → INCIBE-CERT Vulnerabilidades
2026-04-04 07:05:05,706 [INFO]   → INCIBE Noticias
2026-04-04 07:05:06,177 [WARNING] HTTP 404 — https://www.incibe.es/feed
2026-04-04 07:05:06,179 [INFO]   → Dark Reading — Government
2026-04-04 07:05:07,173 [INFO]   → SANS Internet Stormcast
2026-04-04 07:05:08,602 [INFO]   → Administración Digital (administracion.gob.es)
2026-04-04 07:05:09,025 [WARNING] XML parse error en Administración Digital (administracion.gob.es): not well-formed (invalid token): line 94, column 18
2026-04-04 07:05:09,526 [INFO]   → PAe — Administración Electrónica
2026-04-04 07:05:25,118 [INFO]   → Observatorio OBSAE
2026-04-04 07:05:27,752 [INFO]   → datos.gob.es — Blog
2026-04-04 07:05:27,851 [WARNING] XML parse error en datos.gob.es — Blog: not well-formed (invalid token): line 37, column 75
2026-04-04 07:05:28,352 [INFO]   → datos.gob.es — Noticias
2026-04-04 07:05:28,594 [WARNING] XML parse error en datos.gob.es — Noticias: not well-formed (invalid token): line 37, column 75
2026-04-04 07:05:29,127 [INFO]   → EC Digital Strategy News
2026-04-04 07:05:29,842 [INFO]   → EUR-Lex — OJ Diario Oficial
2026-04-04 07:05:31,798 [WARNING] XML parse error en EUR-Lex — OJ Diario Oficial: mismatched tag: line 178, column 10
2026-04-04 07:05:32,299 [INFO]   → BOE — Disposiciones Generales (hoy)
2026-04-04 07:05:32,395 [WARNING] XML parse error en BOE — Disposiciones Generales (hoy): mismatched tag: line 22, column 4
2026-04-04 07:05:32,896 [INFO]   → BOE — Últimas disposiciones (semana)
2026-04-04 07:05:32,986 [WARNING] XML parse error en BOE — Últimas disposiciones (semana): mismatched tag: line 22, column 4
2026-04-04 07:05:33,487 [INFO]   → La Moncloa — Noticias de Gobierno
2026-04-04 07:05:33,717 [WARNING] XML parse error en La Moncloa — Noticias de Gobierno: not well-formed (invalid token): line 12, column 14
2026-04-04 07:05:34,218 [INFO]   → Senado — Actividad Legislativa
2026-04-04 07:05:34,297 [WARNING] HTTP 404 — https://www.senado.es/rss/actualidad/rss_senado.xml
2026-04-04 07:05:34,298 [INFO]   → Krebs on Security
2026-04-04 07:05:35,013 [INFO]   → The Hacker News
2026-04-04 07:05:35,845 [INFO]   → Bleeping Computer
2026-04-04 07:05:36,419 [INFO]   → Securelist (Kaspersky ICS/APT)
2026-04-04 07:05:38,034 [INFO]   → CISA Alerts (US-CERT)
2026-04-04 07:05:39,075 [INFO]   → CISA Known Exploited Vulnerabilities
2026-04-04 07:05:39,978 [INFO]   → Comisión Europea — Noticias
2026-04-04 07:05:41,052 [INFO]   → BOE API (sumario del día)
2026-04-04 07:05:41,124 [WARNING] HTTP 404 — https://boe.es/datosabiertos/api/boe/id/BOE-20260404
2026-04-04 07:05:41,625 [INFO]   → datos.gob.es API
2026-04-04 07:05:41,788 [INFO] Filtro relevancia: 0 artículos nuevos → 0 relevantes
2026-04-04 07:05:41,788 [INFO] Resumen: 23 fuentes OK / 2 fallos / 235 ítems procesados / 0 nuevos / 0 guardados
2026-04-04 07:05:41,796 [WARNING] No hay artículos que guardar hoy.
2026-04-04 07:05:41,796 [INFO] === Scraper finalizado ===
