Scraper ejecutado: Mon Mar  9 16:42:53 CET 2026
Scraper ejecutado: Mon Mar  9 16:45:45 CET 2026
==== Mon Mar  9 19:19:30 CET 2026 ====
Update finished Mon Mar  9 19:19:52 CET 2026
==== Mon Mar  9 19:43:51 CET 2026 ====
Update finished Mon Mar  9 19:44:18 CET 2026
==== Mon Mar  9 19:51:41 CET 2026 ====
Update finished Mon Mar  9 19:52:09 CET 2026
==== Mon Mar  9 20:25:49 CET 2026 ====
Update finished Mon Mar  9 20:26:25 CET 2026
==== Mon Mar  9 20:32:05 CET 2026 ====
Update finished Mon Mar  9 20:32:51 CET 2026
==== Mon Mar  9 22:14:29 CET 2026 ====
Update finished Mon Mar  9 22:15:25 CET 2026
==== Tue Mar 10 07:05:01 CET 2026 ====
Update finished Tue Mar 10 07:05:46 CET 2026
==== Wed Mar 11 07:05:01 CET 2026 ====
Update finished Wed Mar 11 07:05:28 CET 2026
==== Thu Mar 12 07:05:01 CET 2026 ====
Update finished Thu Mar 12 07:05:55 CET 2026
==== Fri Mar 13 07:05:01 CET 2026 ====
Update finished Fri Mar 13 07:05:44 CET 2026
==== Sat Mar 14 07:05:01 CET 2026 ====
Update finished Sat Mar 14 07:05:26 CET 2026
==== Sun Mar 15 07:05:01 CET 2026 ====
Update finished Sun Mar 15 07:05:27 CET 2026
==== Mon Mar 16 07:05:01 CET 2026 ====
Update finished Mon Mar 16 07:05:26 CET 2026
==== Tue Mar 17 07:05:01 CET 2026 ====
Update finished Tue Mar 17 07:05:23 CET 2026
==== Wed Mar 18 07:05:01 CET 2026 ====
Update finished Wed Mar 18 07:05:27 CET 2026
==== Thu Mar 19 07:05:01 CET 2026 ====
Update finished Thu Mar 19 07:05:25 CET 2026
==== Fri Mar 20 07:05:01 CET 2026 ====
Update finished Fri Mar 20 07:05:28 CET 2026
==== Sat Mar 21 07:05:01 CET 2026 ====
Update finished Sat Mar 21 07:05:28 CET 2026
==== Sun Mar 22 07:05:01 CET 2026 ====
Update finished Sun Mar 22 07:05:31 CET 2026
==== Mon Mar 23 07:05:01 CET 2026 ====
Update finished Mon Mar 23 07:05:25 CET 2026
==== Tue Mar 24 07:05:01 CET 2026 ====
Update finished Tue Mar 24 07:05:27 CET 2026
==== Wed Mar 25 07:05:01 CET 2026 ====
Update finished Wed Mar 25 07:05:10 CET 2026
==== Wed Mar 25 08:00:21 CET 2026 ====
Update finished Wed Mar 25 08:01:00 CET 2026
==== Thu Mar 26 07:05:01 CET 2026 ====
Update finished Thu Mar 26 07:05:26 CET 2026
==== Fri Mar 27 07:05:01 CET 2026 ====
Update finished Fri Mar 27 07:05:26 CET 2026
==== Sat Mar 28 07:05:01 CET 2026 ====
Update finished Sat Mar 28 07:05:26 CET 2026
==== Sun Mar 29 07:05:01 CEST 2026 ====
Update finished Sun Mar 29 07:05:26 CEST 2026
==== Mon Mar 30 07:05:01 CEST 2026 ====
Update finished Mon Mar 30 07:05:25 CEST 2026
==== Tue Mar 31 07:05:01 CEST 2026 ====
Update finished Tue Mar 31 07:05:44 CEST 2026
==== Wed Apr  1 07:05:01 CEST 2026 ====
Update finished Wed Apr  1 07:05:30 CEST 2026
==== Thu Apr  2 07:05:01 CEST 2026 ====
Update finished Thu Apr  2 07:05:44 CEST 2026
==== Fri Apr  3 07:05:01 CEST 2026 ====
Update finished Fri Apr  3 07:05:29 CEST 2026
==== Sat Apr  4 07:05:01 CEST 2026 ====
Update finished Sat Apr  4 07:05:43 CEST 2026
==== Sun Apr  5 07:05:01 CEST 2026 ====
Update finished Sun Apr  5 07:05:33 CEST 2026
==== Mon Apr  6 07:05:01 CEST 2026 ====
Update finished Mon Apr  6 07:05:43 CEST 2026
==== Tue Apr  7 07:05:01 CEST 2026 ====
Update finished Tue Apr  7 07:05:57 CEST 2026
==== Wed Apr  8 07:05:01 CEST 2026 ====
Update finished Wed Apr  8 07:05:45 CEST 2026
==== Thu Apr  9 07:05:01 CEST 2026 ====
